21-Dec-2018 10:01:19.677 INFO [main] org.apache.catalina.startup.VersionLoggerListener.log Server version:        Apache Tomcat/9.0.13
21-Dec-2018 10:01:19.707 INFO [main] org.apache.catalina.startup.VersionLoggerListener.log Server built:          Nov 2 2018 14:27:55 UTC
21-Dec-2018 10:01:19.708 INFO [main] org.apache.catalina.startup.VersionLoggerListener.log Server number:         9.0.13.0
21-Dec-2018 10:01:19.708 INFO [main] org.apache.catalina.startup.VersionLoggerListener.log OS Name:               Windows 10
21-Dec-2018 10:01:19.708 INFO [main] org.apache.catalina.startup.VersionLoggerListener.log OS Version:            10.0
21-Dec-2018 10:01:19.709 INFO [main] org.apache.catalina.startup.VersionLoggerListener.log Architecture:          amd64
21-Dec-2018 10:01:19.709 INFO [main] org.apache.catalina.startup.VersionLoggerListener.log Java Home:             c:\Program Files\Java\jdk1.8.0_181\jre
21-Dec-2018 10:01:19.709 INFO [main] org.apache.catalina.startup.VersionLoggerListener.log JVM Version:           1.8.0_181-b13
21-Dec-2018 10:01:19.709 INFO [main] org.apache.catalina.startup.VersionLoggerListener.log JVM Vendor:            Oracle Corporation
21-Dec-2018 10:01:19.709 INFO [main] org.apache.catalina.startup.VersionLoggerListener.log CATALINA_BASE:         C:\Users\Inbal\Makaka\tomcat
21-Dec-2018 10:01:19.710 INFO [main] org.apache.catalina.startup.VersionLoggerListener.log CATALINA_HOME:         C:\Users\Inbal\Makaka\tomcat
21-Dec-2018 10:01:19.710 INFO [main] org.apache.catalina.startup.VersionLoggerListener.log Command line argument: -Djava.util.logging.config.file=C:\Users\Inbal\Makaka\tomcat\conf\logging.properties
21-Dec-2018 10:01:19.710 INFO [main] org.apache.catalina.startup.VersionLoggerListener.log Command line argument: -Djava.util.logging.manager=org.apache.juli.ClassLoaderLogManager
21-Dec-2018 10:01:19.710 INFO [main] org.apache.catalina.startup.VersionLoggerListener.log Command line argument: -Djdk.tls.ephemeralDHKeySize=2048
21-Dec-2018 10:01:19.710 INFO [main] org.apache.catalina.startup.VersionLoggerListener.log Command line argument: -Djava.protocol.handler.pkgs=org.apache.catalina.webresources
21-Dec-2018 10:01:19.711 INFO [main] org.apache.catalina.startup.VersionLoggerListener.log Command line argument: -Dignore.endorsed.dirs=
21-Dec-2018 10:01:19.711 INFO [main] org.apache.catalina.startup.VersionLoggerListener.log Command line argument: -Dcatalina.base=C:\Users\Inbal\Makaka\tomcat
21-Dec-2018 10:01:19.713 INFO [main] org.apache.catalina.startup.VersionLoggerListener.log Command line argument: -Dcatalina.home=C:\Users\Inbal\Makaka\tomcat
21-Dec-2018 10:01:19.713 INFO [main] org.apache.catalina.startup.VersionLoggerListener.log Command line argument: -Djava.io.tmpdir=C:\Users\Inbal\Makaka\tomcat\temp
21-Dec-2018 10:01:19.713 INFO [main] org.apache.catalina.core.AprLifecycleListener.lifecycleEvent The APR based Apache Tomcat Native library which allows optimal performance in production environments was not found on the java.library.path: [c:\Program Files\Java\jdk1.8.0_181\bin;C:\WINDOWS\Sun\Java\bin;C:\WINDOWS\system32;C:\WINDOWS;C:\Program Files (x86)\Common Files\Oracle\Java\javapath;C:\Program Files (x86)\Intel\iCLS Client\;C:\Program Files\Intel\iCLS Client\;C:\Windows\system32;C:\Windows;C:\Windows\System32\Wbem;C:\Windows\System32\WindowsPowerShell\v1.0\;C:\Program Files (x86)\NVIDIA Corporation\PhysX\Common;C:\Program Files (x86)\Intel\Intel(R) Management Engine Components\DAL;C:\Program Files\Intel\Intel(R) Management Engine Components\DAL;C:\Program Files (x86)\Intel\Intel(R) Management Engine Components\IPT;C:\Program Files\Intel\Intel(R) Management Engine Components\IPT;C:\WINDOWS\system32\config\systemprofile\.dnx\bin;C:\Program Files\Microsoft DNX\Dnvm\;C:\Program Files\Microsoft SQL Server\120\Tools\Binn\;C:\Program Files\Microsoft SQL Server\130\Tools\Binn\;C:\Program Files\Git\cmd;C:\Program Files (x86)\nodejs\;C:\Program Files\PuTTY\;C:\WINDOWS\system32;C:\WINDOWS;C:\WINDOWS\System32\Wbem;C:\WINDOWS\System32\WindowsPowerShell\v1.0\;C:\WINDOWS\System32\OpenSSH\;C:\Program Files\Intel\WiFi\bin\;C:\Program Files\Common Files\Intel\WirelessCommon\;C:\Program Files\dotnet\;C:\Program Files\Java\jdk1.8.0_181\bin;C:\Program Files\MySQL\MySQL Server 8.0;C:\Users\Inbal\AppData\Local\Microsoft\WindowsApps;C:\Users\Inbal\AppData\Roaming\npm;C:\Program Files (x86)\Microsoft VS Code\bin;;.]
21-Dec-2018 10:01:22.327 INFO [main] org.apache.coyote.AbstractProtocol.init Initializing ProtocolHandler ["http-nio-5000"]
21-Dec-2018 10:01:22.556 INFO [main] org.apache.tomcat.util.net.NioSelectorPool.getSharedSelector Using a shared selector for servlet write/read
21-Dec-2018 10:01:22.586 INFO [main] org.apache.coyote.AbstractProtocol.init Initializing ProtocolHandler ["ajp-nio-8009"]
21-Dec-2018 10:01:22.590 INFO [main] org.apache.tomcat.util.net.NioSelectorPool.getSharedSelector Using a shared selector for servlet write/read
21-Dec-2018 10:01:22.590 INFO [main] org.apache.catalina.startup.Catalina.load Initialization processed in 3709 ms
21-Dec-2018 10:01:22.683 INFO [main] org.apache.catalina.core.StandardService.startInternal Starting service [Catalina]
21-Dec-2018 10:01:22.686 INFO [main] org.apache.catalina.core.StandardEngine.startInternal Starting Servlet Engine: Apache Tomcat/9.0.13
21-Dec-2018 10:01:22.732 INFO [main] org.apache.catalina.startup.HostConfig.deployDirectory Deploying web application directory [C:\Users\Inbal\Makaka\tomcat\webapps\docs]
21-Dec-2018 10:01:25.151 INFO [main] org.apache.jasper.servlet.TldScanner.scanJars At least one JAR was scanned for TLDs yet contained no TLDs. Enable debug logging for this logger for a complete list of JARs that were scanned but no TLDs were found in them. Skipping unneeded JARs during scanning can improve startup time and JSP compilation time.
21-Dec-2018 10:01:25.221 INFO [main] org.apache.catalina.startup.HostConfig.deployDirectory Deployment of web application directory [C:\Users\Inbal\Makaka\tomcat\webapps\docs] has finished in [2,489] ms
21-Dec-2018 10:01:25.224 INFO [main] org.apache.catalina.startup.HostConfig.deployDirectory Deploying web application directory [C:\Users\Inbal\Makaka\tomcat\webapps\examples]
21-Dec-2018 10:01:29.464 INFO [main] org.apache.jasper.servlet.TldScanner.scanJars At least one JAR was scanned for TLDs yet contained no TLDs. Enable debug logging for this logger for a complete list of JARs that were scanned but no TLDs were found in them. Skipping unneeded JARs during scanning can improve startup time and JSP compilation time.
21-Dec-2018 10:01:29.600 INFO [main] org.apache.catalina.startup.HostConfig.deployDirectory Deployment of web application directory [C:\Users\Inbal\Makaka\tomcat\webapps\examples] has finished in [4,376] ms
21-Dec-2018 10:01:29.604 INFO [main] org.apache.catalina.startup.HostConfig.deployDirectory Deploying web application directory [C:\Users\Inbal\Makaka\tomcat\webapps\host-manager]
21-Dec-2018 10:01:31.090 INFO [main] org.apache.jasper.servlet.TldScanner.scanJars At least one JAR was scanned for TLDs yet contained no TLDs. Enable debug logging for this logger for a complete list of JARs that were scanned but no TLDs were found in them. Skipping unneeded JARs during scanning can improve startup time and JSP compilation time.
21-Dec-2018 10:01:31.110 INFO [main] org.apache.catalina.startup.HostConfig.deployDirectory Deployment of web application directory [C:\Users\Inbal\Makaka\tomcat\webapps\host-manager] has finished in [1,506] ms
21-Dec-2018 10:01:31.117 INFO [main] org.apache.catalina.startup.HostConfig.deployDirectory Deploying web application directory [C:\Users\Inbal\Makaka\tomcat\webapps\manager]
21-Dec-2018 10:01:32.017 INFO [main] org.apache.jasper.servlet.TldScanner.scanJars At least one JAR was scanned for TLDs yet contained no TLDs. Enable debug logging for this logger for a complete list of JARs that were scanned but no TLDs were found in them. Skipping unneeded JARs during scanning can improve startup time and JSP compilation time.
21-Dec-2018 10:01:32.025 INFO [main] org.apache.catalina.startup.HostConfig.deployDirectory Deployment of web application directory [C:\Users\Inbal\Makaka\tomcat\webapps\manager] has finished in [908] ms
21-Dec-2018 10:01:32.026 INFO [main] org.apache.catalina.startup.HostConfig.deployDirectory Deploying web application directory [C:\Users\Inbal\Makaka\tomcat\webapps\PipeServer]
21-Dec-2018 10:01:33.524 INFO [main] org.apache.jasper.servlet.TldScanner.scanJars At least one JAR was scanned for TLDs yet contained no TLDs. Enable debug logging for this logger for a complete list of JARs that were scanned but no TLDs were found in them. Skipping unneeded JARs during scanning can improve startup time and JSP compilation time.
21-Dec-2018 10:01:33.537 INFO [main] org.apache.catalina.startup.HostConfig.deployDirectory Deployment of web application directory [C:\Users\Inbal\Makaka\tomcat\webapps\PipeServer] has finished in [1,510] ms
21-Dec-2018 10:01:33.539 INFO [main] org.apache.catalina.startup.HostConfig.deployDirectory Deploying web application directory [C:\Users\Inbal\Makaka\tomcat\webapps\ROOT]
21-Dec-2018 10:01:34.362 INFO [main] org.apache.jasper.servlet.TldScanner.scanJars At least one JAR was scanned for TLDs yet contained no TLDs. Enable debug logging for this logger for a complete list of JARs that were scanned but no TLDs were found in them. Skipping unneeded JARs during scanning can improve startup time and JSP compilation time.
21-Dec-2018 10:01:34.370 INFO [main] org.apache.catalina.startup.HostConfig.deployDirectory Deployment of web application directory [C:\Users\Inbal\Makaka\tomcat\webapps\ROOT] has finished in [832] ms
21-Dec-2018 10:01:34.376 INFO [main] org.apache.coyote.AbstractProtocol.start Starting ProtocolHandler ["http-nio-5000"]
21-Dec-2018 10:01:34.399 INFO [main] org.apache.coyote.AbstractProtocol.start Starting ProtocolHandler ["ajp-nio-8009"]
21-Dec-2018 10:01:34.405 INFO [main] org.apache.catalina.startup.Catalina.start Server startup in 11811 ms
21-Dec-2018 10:01:34.761 INFO [http-nio-5000-exec-1] org.hibernate.annotations.common.Version.<clinit> HCANN000001: Hibernate Commons Annotations {4.0.1.Final}
21-Dec-2018 10:01:34.773 INFO [http-nio-5000-exec-1] org.hibernate.Version.logVersion HHH000412: Hibernate Core {4.1.9.Final}
21-Dec-2018 10:01:34.777 INFO [http-nio-5000-exec-1] org.hibernate.cfg.Environment.<clinit> HHH000206: hibernate.properties not found
21-Dec-2018 10:01:34.780 INFO [http-nio-5000-exec-1] org.hibernate.cfg.Environment.buildBytecodeProvider HHH000021: Bytecode provider name : javassist
21-Dec-2018 10:01:34.829 INFO [http-nio-5000-exec-1] org.hibernate.cfg.Configuration.configure HHH000042: Configuring from file: hibernate.cfg.xml
21-Dec-2018 10:01:34.965 WARN [http-nio-5000-exec-1] org.hibernate.internal.util.xml.DTDEntityResolver.resolveEntity HHH000223: Recognized obsolete hibernate namespace http://hibernate.sourceforge.net/. Use namespace http://www.hibernate.org/dtd/ instead. Refer to Hibernate 3.6 Migration Guide!
21-Dec-2018 10:01:35.017 INFO [http-nio-5000-exec-1] org.hibernate.cfg.Configuration.doConfigure HHH000041: Configured SessionFactory: null
21-Dec-2018 10:01:35.210 INFO [http-nio-5000-exec-1] org.hibernate.service.jdbc.connections.internal.DriverManagerConnectionProviderImpl.configure HHH000402: Using Hibernate built-in connection pool (not for production use!)
21-Dec-2018 10:01:35.215 INFO [http-nio-5000-exec-1] org.hibernate.service.jdbc.connections.internal.DriverManagerConnectionProviderImpl.configure HHH000115: Hibernate connection pool size: 1
21-Dec-2018 10:01:35.216 INFO [http-nio-5000-exec-1] org.hibernate.service.jdbc.connections.internal.DriverManagerConnectionProviderImpl.configure HHH000006: Autocommit mode: false
21-Dec-2018 10:01:35.217 INFO [http-nio-5000-exec-1] org.hibernate.service.jdbc.connections.internal.DriverManagerConnectionProviderImpl.configure HHH000401: using driver [com.mysql.jdbc.Driver] at URL [jdbc:mysql://localhost:3306/hibernatedb?serverTimezone=UTC]
21-Dec-2018 10:01:35.218 INFO [http-nio-5000-exec-1] org.hibernate.service.jdbc.connections.internal.DriverManagerConnectionProviderImpl.configure HHH000046: Connection properties: {user=root, password=****}
21-Dec-2018 10:01:36.224 INFO [http-nio-5000-exec-1] org.hibernate.dialect.Dialect.<init> HHH000400: Using dialect: org.hibernate.dialect.MySQLInnoDBDialect
21-Dec-2018 10:01:36.260 INFO [http-nio-5000-exec-1] org.hibernate.engine.transaction.internal.TransactionFactoryInitiator.initiateService HHH000399: Using default transaction strategy (direct JDBC transactions)
21-Dec-2018 10:01:36.270 INFO [http-nio-5000-exec-1] org.hibernate.hql.internal.ast.ASTQueryTranslatorFactory.<init> HHH000397: Using ASTQueryTranslatorFactory
21-Dec-2018 10:18:11.612 INFO [main] org.apache.catalina.startup.VersionLoggerListener.log Server version:        Apache Tomcat/9.0.13
21-Dec-2018 10:18:11.667 INFO [main] org.apache.catalina.startup.VersionLoggerListener.log Server built:          Nov 2 2018 14:27:55 UTC
21-Dec-2018 10:18:11.669 INFO [main] org.apache.catalina.startup.VersionLoggerListener.log Server number:         9.0.13.0
21-Dec-2018 10:18:11.670 INFO [main] org.apache.catalina.startup.VersionLoggerListener.log OS Name:               Windows 10
21-Dec-2018 10:18:11.670 INFO [main] org.apache.catalina.startup.VersionLoggerListener.log OS Version:            10.0
21-Dec-2018 10:18:11.672 INFO [main] org.apache.catalina.startup.VersionLoggerListener.log Architecture:          amd64
21-Dec-2018 10:18:11.672 INFO [main] org.apache.catalina.startup.VersionLoggerListener.log Java Home:             c:\Program Files\Java\jdk1.8.0_181\jre
21-Dec-2018 10:18:11.672 INFO [main] org.apache.catalina.startup.VersionLoggerListener.log JVM Version:           1.8.0_181-b13
21-Dec-2018 10:18:11.672 INFO [main] org.apache.catalina.startup.VersionLoggerListener.log JVM Vendor:            Oracle Corporation
21-Dec-2018 10:18:11.672 INFO [main] org.apache.catalina.startup.VersionLoggerListener.log CATALINA_BASE:         C:\Users\Inbal\Makaka\tomcat
21-Dec-2018 10:18:11.672 INFO [main] org.apache.catalina.startup.VersionLoggerListener.log CATALINA_HOME:         C:\Users\Inbal\Makaka\tomcat
21-Dec-2018 10:18:11.672 INFO [main] org.apache.catalina.startup.VersionLoggerListener.log Command line argument: -Djava.util.logging.config.file=C:\Users\Inbal\Makaka\tomcat\conf\logging.properties
21-Dec-2018 10:18:11.672 INFO [main] org.apache.catalina.startup.VersionLoggerListener.log Command line argument: -Djava.util.logging.manager=org.apache.juli.ClassLoaderLogManager
21-Dec-2018 10:18:11.672 INFO [main] org.apache.catalina.startup.VersionLoggerListener.log Command line argument: -Djdk.tls.ephemeralDHKeySize=2048
21-Dec-2018 10:18:11.680 INFO [main] org.apache.catalina.startup.VersionLoggerListener.log Command line argument: -Djava.protocol.handler.pkgs=org.apache.catalina.webresources
21-Dec-2018 10:18:11.692 INFO [main] org.apache.catalina.startup.VersionLoggerListener.log Command line argument: -Dignore.endorsed.dirs=
21-Dec-2018 10:18:11.694 INFO [main] org.apache.catalina.startup.VersionLoggerListener.log Command line argument: -Dcatalina.base=C:\Users\Inbal\Makaka\tomcat
21-Dec-2018 10:18:11.694 INFO [main] org.apache.catalina.startup.VersionLoggerListener.log Command line argument: -Dcatalina.home=C:\Users\Inbal\Makaka\tomcat
21-Dec-2018 10:18:11.694 INFO [main] org.apache.catalina.startup.VersionLoggerListener.log Command line argument: -Djava.io.tmpdir=C:\Users\Inbal\Makaka\tomcat\temp
21-Dec-2018 10:18:11.694 INFO [main] org.apache.catalina.core.AprLifecycleListener.lifecycleEvent The APR based Apache Tomcat Native library which allows optimal performance in production environments was not found on the java.library.path: [c:\Program Files\Java\jdk1.8.0_181\bin;C:\WINDOWS\Sun\Java\bin;C:\WINDOWS\system32;C:\WINDOWS;C:\Program Files (x86)\Common Files\Oracle\Java\javapath;C:\Program Files (x86)\Intel\iCLS Client\;C:\Program Files\Intel\iCLS Client\;C:\Windows\system32;C:\Windows;C:\Windows\System32\Wbem;C:\Windows\System32\WindowsPowerShell\v1.0\;C:\Program Files (x86)\NVIDIA Corporation\PhysX\Common;C:\Program Files (x86)\Intel\Intel(R) Management Engine Components\DAL;C:\Program Files\Intel\Intel(R) Management Engine Components\DAL;C:\Program Files (x86)\Intel\Intel(R) Management Engine Components\IPT;C:\Program Files\Intel\Intel(R) Management Engine Components\IPT;C:\WINDOWS\system32\config\systemprofile\.dnx\bin;C:\Program Files\Microsoft DNX\Dnvm\;C:\Program Files\Microsoft SQL Server\120\Tools\Binn\;C:\Program Files\Microsoft SQL Server\130\Tools\Binn\;C:\Program Files\Git\cmd;C:\Program Files (x86)\nodejs\;C:\Program Files\PuTTY\;C:\WINDOWS\system32;C:\WINDOWS;C:\WINDOWS\System32\Wbem;C:\WINDOWS\System32\WindowsPowerShell\v1.0\;C:\WINDOWS\System32\OpenSSH\;C:\Program Files\Intel\WiFi\bin\;C:\Program Files\Common Files\Intel\WirelessCommon\;C:\Program Files\dotnet\;C:\Program Files\Java\jdk1.8.0_181\bin;C:\Program Files\MySQL\MySQL Server 8.0;C:\Users\Inbal\AppData\Local\Microsoft\WindowsApps;C:\Users\Inbal\AppData\Roaming\npm;C:\Program Files (x86)\Microsoft VS Code\bin;;.]
21-Dec-2018 10:18:13.886 INFO [main] org.apache.coyote.AbstractProtocol.init Initializing ProtocolHandler ["http-nio-5000"]
21-Dec-2018 10:18:14.235 INFO [main] org.apache.tomcat.util.net.NioSelectorPool.getSharedSelector Using a shared selector for servlet write/read
21-Dec-2018 10:18:14.273 INFO [main] org.apache.coyote.AbstractProtocol.init Initializing ProtocolHandler ["ajp-nio-8009"]
21-Dec-2018 10:18:14.289 INFO [main] org.apache.tomcat.util.net.NioSelectorPool.getSharedSelector Using a shared selector for servlet write/read
21-Dec-2018 10:18:14.296 INFO [main] org.apache.catalina.startup.Catalina.load Initialization processed in 3386 ms
21-Dec-2018 10:18:14.395 INFO [main] org.apache.catalina.core.StandardService.startInternal Starting service [Catalina]
21-Dec-2018 10:18:14.405 INFO [main] org.apache.catalina.core.StandardEngine.startInternal Starting Servlet Engine: Apache Tomcat/9.0.13
21-Dec-2018 10:18:14.482 INFO [main] org.apache.catalina.startup.HostConfig.deployDirectory Deploying web application directory [C:\Users\Inbal\Makaka\tomcat\webapps\docs]
21-Dec-2018 10:18:16.945 INFO [main] org.apache.jasper.servlet.TldScanner.scanJars At least one JAR was scanned for TLDs yet contained no TLDs. Enable debug logging for this logger for a complete list of JARs that were scanned but no TLDs were found in them. Skipping unneeded JARs during scanning can improve startup time and JSP compilation time.
21-Dec-2018 10:18:17.011 INFO [main] org.apache.catalina.startup.HostConfig.deployDirectory Deployment of web application directory [C:\Users\Inbal\Makaka\tomcat\webapps\docs] has finished in [2,528] ms
21-Dec-2018 10:18:17.012 INFO [main] org.apache.catalina.startup.HostConfig.deployDirectory Deploying web application directory [C:\Users\Inbal\Makaka\tomcat\webapps\examples]
21-Dec-2018 10:18:20.306 INFO [main] org.apache.jasper.servlet.TldScanner.scanJars At least one JAR was scanned for TLDs yet contained no TLDs. Enable debug logging for this logger for a complete list of JARs that were scanned but no TLDs were found in them. Skipping unneeded JARs during scanning can improve startup time and JSP compilation time.
21-Dec-2018 10:18:20.395 INFO [main] org.apache.catalina.startup.HostConfig.deployDirectory Deployment of web application directory [C:\Users\Inbal\Makaka\tomcat\webapps\examples] has finished in [3,383] ms
21-Dec-2018 10:18:20.400 INFO [main] org.apache.catalina.startup.HostConfig.deployDirectory Deploying web application directory [C:\Users\Inbal\Makaka\tomcat\webapps\host-manager]
21-Dec-2018 10:18:21.240 INFO [main] org.apache.jasper.servlet.TldScanner.scanJars At least one JAR was scanned for TLDs yet contained no TLDs. Enable debug logging for this logger for a complete list of JARs that were scanned but no TLDs were found in them. Skipping unneeded JARs during scanning can improve startup time and JSP compilation time.
21-Dec-2018 10:18:21.254 INFO [main] org.apache.catalina.startup.HostConfig.deployDirectory Deployment of web application directory [C:\Users\Inbal\Makaka\tomcat\webapps\host-manager] has finished in [855] ms
21-Dec-2018 10:18:21.256 INFO [main] org.apache.catalina.startup.HostConfig.deployDirectory Deploying web application directory [C:\Users\Inbal\Makaka\tomcat\webapps\manager]
21-Dec-2018 10:18:21.997 INFO [main] org.apache.jasper.servlet.TldScanner.scanJars At least one JAR was scanned for TLDs yet contained no TLDs. Enable debug logging for this logger for a complete list of JARs that were scanned but no TLDs were found in them. Skipping unneeded JARs during scanning can improve startup time and JSP compilation time.
21-Dec-2018 10:18:22.003 INFO [main] org.apache.catalina.startup.HostConfig.deployDirectory Deployment of web application directory [C:\Users\Inbal\Makaka\tomcat\webapps\manager] has finished in [747] ms
21-Dec-2018 10:18:22.005 INFO [main] org.apache.catalina.startup.HostConfig.deployDirectory Deploying web application directory [C:\Users\Inbal\Makaka\tomcat\webapps\PipeServer]
21-Dec-2018 10:18:23.038 INFO [main] org.apache.jasper.servlet.TldScanner.scanJars At least one JAR was scanned for TLDs yet contained no TLDs. Enable debug logging for this logger for a complete list of JARs that were scanned but no TLDs were found in them. Skipping unneeded JARs during scanning can improve startup time and JSP compilation time.
21-Dec-2018 10:18:23.052 INFO [main] org.apache.catalina.startup.HostConfig.deployDirectory Deployment of web application directory [C:\Users\Inbal\Makaka\tomcat\webapps\PipeServer] has finished in [1,047] ms
21-Dec-2018 10:18:23.054 INFO [main] org.apache.catalina.startup.HostConfig.deployDirectory Deploying web application directory [C:\Users\Inbal\Makaka\tomcat\webapps\ROOT]
21-Dec-2018 10:18:23.830 INFO [main] org.apache.jasper.servlet.TldScanner.scanJars At least one JAR was scanned for TLDs yet contained no TLDs. Enable debug logging for this logger for a complete list of JARs that were scanned but no TLDs were found in them. Skipping unneeded JARs during scanning can improve startup time and JSP compilation time.
21-Dec-2018 10:18:23.835 INFO [main] org.apache.catalina.startup.HostConfig.deployDirectory Deployment of web application directory [C:\Users\Inbal\Makaka\tomcat\webapps\ROOT] has finished in [781] ms
21-Dec-2018 10:18:23.841 INFO [main] org.apache.coyote.AbstractProtocol.start Starting ProtocolHandler ["http-nio-5000"]
21-Dec-2018 10:18:23.859 INFO [main] org.apache.coyote.AbstractProtocol.start Starting ProtocolHandler ["ajp-nio-8009"]
21-Dec-2018 10:18:23.869 INFO [main] org.apache.catalina.startup.Catalina.start Server startup in 9550 ms
21-Dec-2018 10:18:24.176 INFO [http-nio-5000-exec-1] org.hibernate.annotations.common.Version.<clinit> HCANN000001: Hibernate Commons Annotations {4.0.1.Final}
21-Dec-2018 10:18:24.188 INFO [http-nio-5000-exec-1] org.hibernate.Version.logVersion HHH000412: Hibernate Core {4.1.9.Final}
21-Dec-2018 10:18:24.193 INFO [http-nio-5000-exec-1] org.hibernate.cfg.Environment.<clinit> HHH000206: hibernate.properties not found
21-Dec-2018 10:18:24.195 INFO [http-nio-5000-exec-1] org.hibernate.cfg.Environment.buildBytecodeProvider HHH000021: Bytecode provider name : javassist
21-Dec-2018 10:18:24.235 INFO [http-nio-5000-exec-1] org.hibernate.cfg.Configuration.configure HHH000042: Configuring from file: hibernate.cfg.xml
21-Dec-2018 10:18:24.391 WARN [http-nio-5000-exec-1] org.hibernate.internal.util.xml.DTDEntityResolver.resolveEntity HHH000223: Recognized obsolete hibernate namespace http://hibernate.sourceforge.net/. Use namespace http://www.hibernate.org/dtd/ instead. Refer to Hibernate 3.6 Migration Guide!
21-Dec-2018 10:18:24.442 INFO [http-nio-5000-exec-1] org.hibernate.cfg.Configuration.doConfigure HHH000041: Configured SessionFactory: null
21-Dec-2018 10:18:24.643 INFO [http-nio-5000-exec-1] org.hibernate.service.jdbc.connections.internal.DriverManagerConnectionProviderImpl.configure HHH000402: Using Hibernate built-in connection pool (not for production use!)
21-Dec-2018 10:18:24.648 INFO [http-nio-5000-exec-1] org.hibernate.service.jdbc.connections.internal.DriverManagerConnectionProviderImpl.configure HHH000115: Hibernate connection pool size: 1
21-Dec-2018 10:18:24.649 INFO [http-nio-5000-exec-1] org.hibernate.service.jdbc.connections.internal.DriverManagerConnectionProviderImpl.configure HHH000006: Autocommit mode: false
21-Dec-2018 10:18:24.650 INFO [http-nio-5000-exec-1] org.hibernate.service.jdbc.connections.internal.DriverManagerConnectionProviderImpl.configure HHH000401: using driver [com.mysql.jdbc.Driver] at URL [jdbc:mysql://localhost:3306/hibernatedb?serverTimezone=UTC]
21-Dec-2018 10:18:24.652 INFO [http-nio-5000-exec-1] org.hibernate.service.jdbc.connections.internal.DriverManagerConnectionProviderImpl.configure HHH000046: Connection properties: {user=root, password=****}
21-Dec-2018 10:18:25.628 INFO [http-nio-5000-exec-1] org.hibernate.dialect.Dialect.<init> HHH000400: Using dialect: org.hibernate.dialect.MySQLInnoDBDialect
21-Dec-2018 10:18:25.659 INFO [http-nio-5000-exec-1] org.hibernate.engine.transaction.internal.TransactionFactoryInitiator.initiateService HHH000399: Using default transaction strategy (direct JDBC transactions)
21-Dec-2018 10:18:25.669 INFO [http-nio-5000-exec-1] org.hibernate.hql.internal.ast.ASTQueryTranslatorFactory.<init> HHH000397: Using ASTQueryTranslatorFactory
21-Dec-2018 13:08:59.834 INFO [main] org.apache.catalina.startup.VersionLoggerListener.log Server version:        Apache Tomcat/9.0.13
21-Dec-2018 13:08:59.837 INFO [main] org.apache.catalina.startup.VersionLoggerListener.log Server built:          Nov 2 2018 14:27:55 UTC
21-Dec-2018 13:08:59.838 INFO [main] org.apache.catalina.startup.VersionLoggerListener.log Server number:         9.0.13.0
21-Dec-2018 13:08:59.838 INFO [main] org.apache.catalina.startup.VersionLoggerListener.log OS Name:               Windows 10
21-Dec-2018 13:08:59.841 INFO [main] org.apache.catalina.startup.VersionLoggerListener.log OS Version:            10.0
21-Dec-2018 13:08:59.841 INFO [main] org.apache.catalina.startup.VersionLoggerListener.log Architecture:          amd64
21-Dec-2018 13:08:59.842 INFO [main] org.apache.catalina.startup.VersionLoggerListener.log Java Home:             c:\Program Files\Java\jdk1.8.0_181\jre
21-Dec-2018 13:08:59.842 INFO [main] org.apache.catalina.startup.VersionLoggerListener.log JVM Version:           1.8.0_181-b13
21-Dec-2018 13:08:59.842 INFO [main] org.apache.catalina.startup.VersionLoggerListener.log JVM Vendor:            Oracle Corporation
21-Dec-2018 13:08:59.842 INFO [main] org.apache.catalina.startup.VersionLoggerListener.log CATALINA_BASE:         C:\Users\Inbal\Makaka\tomcat
21-Dec-2018 13:08:59.842 INFO [main] org.apache.catalina.startup.VersionLoggerListener.log CATALINA_HOME:         C:\Users\Inbal\Makaka\tomcat
21-Dec-2018 13:08:59.842 INFO [main] org.apache.catalina.startup.VersionLoggerListener.log Command line argument: -Djava.util.logging.config.file=C:\Users\Inbal\Makaka\tomcat\conf\logging.properties
21-Dec-2018 13:08:59.842 INFO [main] org.apache.catalina.startup.VersionLoggerListener.log Command line argument: -Djava.util.logging.manager=org.apache.juli.ClassLoaderLogManager
21-Dec-2018 13:08:59.842 INFO [main] org.apache.catalina.startup.VersionLoggerListener.log Command line argument: -Djdk.tls.ephemeralDHKeySize=2048
21-Dec-2018 13:08:59.842 INFO [main] org.apache.catalina.startup.VersionLoggerListener.log Command line argument: -Djava.protocol.handler.pkgs=org.apache.catalina.webresources
21-Dec-2018 13:08:59.843 INFO [main] org.apache.catalina.startup.VersionLoggerListener.log Command line argument: -Dignore.endorsed.dirs=
21-Dec-2018 13:08:59.843 INFO [main] org.apache.catalina.startup.VersionLoggerListener.log Command line argument: -Dcatalina.base=C:\Users\Inbal\Makaka\tomcat
21-Dec-2018 13:08:59.843 INFO [main] org.apache.catalina.startup.VersionLoggerListener.log Command line argument: -Dcatalina.home=C:\Users\Inbal\Makaka\tomcat
21-Dec-2018 13:08:59.844 INFO [main] org.apache.catalina.startup.VersionLoggerListener.log Command line argument: -Djava.io.tmpdir=C:\Users\Inbal\Makaka\tomcat\temp
21-Dec-2018 13:08:59.845 INFO [main] org.apache.catalina.core.AprLifecycleListener.lifecycleEvent The APR based Apache Tomcat Native library which allows optimal performance in production environments was not found on the java.library.path: [c:\Program Files\Java\jdk1.8.0_181\bin;C:\WINDOWS\Sun\Java\bin;C:\WINDOWS\system32;C:\WINDOWS;C:\Program Files (x86)\Common Files\Oracle\Java\javapath;C:\Program Files (x86)\Intel\iCLS Client\;C:\Program Files\Intel\iCLS Client\;C:\Windows\system32;C:\Windows;C:\Windows\System32\Wbem;C:\Windows\System32\WindowsPowerShell\v1.0\;C:\Program Files (x86)\NVIDIA Corporation\PhysX\Common;C:\Program Files (x86)\Intel\Intel(R) Management Engine Components\DAL;C:\Program Files\Intel\Intel(R) Management Engine Components\DAL;C:\Program Files (x86)\Intel\Intel(R) Management Engine Components\IPT;C:\Program Files\Intel\Intel(R) Management Engine Components\IPT;C:\WINDOWS\system32\config\systemprofile\.dnx\bin;C:\Program Files\Microsoft DNX\Dnvm\;C:\Program Files\Microsoft SQL Server\120\Tools\Binn\;C:\Program Files\Microsoft SQL Server\130\Tools\Binn\;C:\Program Files\Git\cmd;C:\Program Files (x86)\nodejs\;C:\Program Files\PuTTY\;C:\WINDOWS\system32;C:\WINDOWS;C:\WINDOWS\System32\Wbem;C:\WINDOWS\System32\WindowsPowerShell\v1.0\;C:\WINDOWS\System32\OpenSSH\;C:\Program Files\Intel\WiFi\bin\;C:\Program Files\Common Files\Intel\WirelessCommon\;C:\Program Files\dotnet\;C:\Program Files\Java\jdk1.8.0_181\bin;C:\Program Files\MySQL\MySQL Server 8.0;C:\Users\Inbal\AppData\Local\Microsoft\WindowsApps;C:\Users\Inbal\AppData\Roaming\npm;C:\Program Files (x86)\Microsoft VS Code\bin;;.]
21-Dec-2018 13:08:59.982 INFO [main] org.apache.coyote.AbstractProtocol.init Initializing ProtocolHandler ["http-nio-5000"]
21-Dec-2018 13:09:00.118 INFO [main] org.apache.tomcat.util.net.NioSelectorPool.getSharedSelector Using a shared selector for servlet write/read
21-Dec-2018 13:09:00.134 INFO [main] org.apache.coyote.AbstractProtocol.init Initializing ProtocolHandler ["ajp-nio-8009"]
21-Dec-2018 13:09:00.138 INFO [main] org.apache.tomcat.util.net.NioSelectorPool.getSharedSelector Using a shared selector for servlet write/read
21-Dec-2018 13:09:00.139 INFO [main] org.apache.catalina.startup.Catalina.load Initialization processed in 733 ms
21-Dec-2018 13:09:00.176 INFO [main] org.apache.catalina.core.StandardService.startInternal Starting service [Catalina]
21-Dec-2018 13:09:00.177 INFO [main] org.apache.catalina.core.StandardEngine.startInternal Starting Servlet Engine: Apache Tomcat/9.0.13
21-Dec-2018 13:09:00.203 INFO [main] org.apache.catalina.startup.HostConfig.deployDirectory Deploying web application directory [C:\Users\Inbal\Makaka\tomcat\webapps\docs]
21-Dec-2018 13:09:01.140 INFO [main] org.apache.jasper.servlet.TldScanner.scanJars At least one JAR was scanned for TLDs yet contained no TLDs. Enable debug logging for this logger for a complete list of JARs that were scanned but no TLDs were found in them. Skipping unneeded JARs during scanning can improve startup time and JSP compilation time.
21-Dec-2018 13:09:01.185 INFO [main] org.apache.catalina.startup.HostConfig.deployDirectory Deployment of web application directory [C:\Users\Inbal\Makaka\tomcat\webapps\docs] has finished in [981] ms
21-Dec-2018 13:09:01.186 INFO [main] org.apache.catalina.startup.HostConfig.deployDirectory Deploying web application directory [C:\Users\Inbal\Makaka\tomcat\webapps\examples]
21-Dec-2018 13:09:02.018 INFO [main] org.apache.jasper.servlet.TldScanner.scanJars At least one JAR was scanned for TLDs yet contained no TLDs. Enable debug logging for this logger for a complete list of JARs that were scanned but no TLDs were found in them. Skipping unneeded JARs during scanning can improve startup time and JSP compilation time.
21-Dec-2018 13:09:02.077 INFO [main] org.apache.catalina.startup.HostConfig.deployDirectory Deployment of web application directory [C:\Users\Inbal\Makaka\tomcat\webapps\examples] has finished in [892] ms
21-Dec-2018 13:09:02.079 INFO [main] org.apache.catalina.startup.HostConfig.deployDirectory Deploying web application directory [C:\Users\Inbal\Makaka\tomcat\webapps\host-manager]
21-Dec-2018 13:09:02.656 INFO [main] org.apache.jasper.servlet.TldScanner.scanJars At least one JAR was scanned for TLDs yet contained no TLDs. Enable debug logging for this logger for a complete list of JARs that were scanned but no TLDs were found in them. Skipping unneeded JARs during scanning can improve startup time and JSP compilation time.
21-Dec-2018 13:09:02.666 INFO [main] org.apache.catalina.startup.HostConfig.deployDirectory Deployment of web application directory [C:\Users\Inbal\Makaka\tomcat\webapps\host-manager] has finished in [587] ms
21-Dec-2018 13:09:02.667 INFO [main] org.apache.catalina.startup.HostConfig.deployDirectory Deploying web application directory [C:\Users\Inbal\Makaka\tomcat\webapps\manager]
21-Dec-2018 13:09:03.196 INFO [main] org.apache.jasper.servlet.TldScanner.scanJars At least one JAR was scanned for TLDs yet contained no TLDs. Enable debug logging for this logger for a complete list of JARs that were scanned but no TLDs were found in them. Skipping unneeded JARs during scanning can improve startup time and JSP compilation time.
21-Dec-2018 13:09:03.201 INFO [main] org.apache.catalina.startup.HostConfig.deployDirectory Deployment of web application directory [C:\Users\Inbal\Makaka\tomcat\webapps\manager] has finished in [533] ms
21-Dec-2018 13:09:03.201 INFO [main] org.apache.catalina.startup.HostConfig.deployDirectory Deploying web application directory [C:\Users\Inbal\Makaka\tomcat\webapps\PipeServer]
21-Dec-2018 13:09:04.022 INFO [main] org.apache.jasper.servlet.TldScanner.scanJars At least one JAR was scanned for TLDs yet contained no TLDs. Enable debug logging for this logger for a complete list of JARs that were scanned but no TLDs were found in them. Skipping unneeded JARs during scanning can improve startup time and JSP compilation time.
21-Dec-2018 13:09:04.033 INFO [main] org.apache.catalina.startup.HostConfig.deployDirectory Deployment of web application directory [C:\Users\Inbal\Makaka\tomcat\webapps\PipeServer] has finished in [832] ms
21-Dec-2018 13:09:04.035 INFO [main] org.apache.catalina.startup.HostConfig.deployDirectory Deploying web application directory [C:\Users\Inbal\Makaka\tomcat\webapps\ROOT]
21-Dec-2018 13:09:04.866 INFO [main] org.apache.jasper.servlet.TldScanner.scanJars At least one JAR was scanned for TLDs yet contained no TLDs. Enable debug logging for this logger for a complete list of JARs that were scanned but no TLDs were found in them. Skipping unneeded JARs during scanning can improve startup time and JSP compilation time.
21-Dec-2018 13:09:04.872 INFO [main] org.apache.catalina.startup.HostConfig.deployDirectory Deployment of web application directory [C:\Users\Inbal\Makaka\tomcat\webapps\ROOT] has finished in [836] ms
21-Dec-2018 13:09:04.889 INFO [main] org.apache.coyote.AbstractProtocol.start Starting ProtocolHandler ["http-nio-5000"]
21-Dec-2018 13:09:04.923 INFO [main] org.apache.coyote.AbstractProtocol.start Starting ProtocolHandler ["ajp-nio-8009"]
21-Dec-2018 13:09:04.932 INFO [main] org.apache.catalina.startup.Catalina.start Server startup in 4790 ms
21-Dec-2018 13:09:14.145 INFO [http-nio-5000-exec-3] org.hibernate.annotations.common.Version.<clinit> HCANN000001: Hibernate Commons Annotations {4.0.1.Final}
21-Dec-2018 13:09:14.153 INFO [http-nio-5000-exec-3] org.hibernate.Version.logVersion HHH000412: Hibernate Core {4.1.9.Final}
21-Dec-2018 13:09:14.158 INFO [http-nio-5000-exec-3] org.hibernate.cfg.Environment.<clinit> HHH000206: hibernate.properties not found
21-Dec-2018 13:09:14.162 INFO [http-nio-5000-exec-3] org.hibernate.cfg.Environment.buildBytecodeProvider HHH000021: Bytecode provider name : javassist
21-Dec-2018 13:09:14.273 INFO [http-nio-5000-exec-3] org.hibernate.cfg.Configuration.configure HHH000042: Configuring from file: hibernate.cfg.xml
21-Dec-2018 13:09:14.295 WARN [http-nio-5000-exec-3] org.hibernate.internal.util.xml.DTDEntityResolver.resolveEntity HHH000223: Recognized obsolete hibernate namespace http://hibernate.sourceforge.net/. Use namespace http://www.hibernate.org/dtd/ instead. Refer to Hibernate 3.6 Migration Guide!
21-Dec-2018 13:09:14.320 INFO [http-nio-5000-exec-3] org.hibernate.cfg.Configuration.doConfigure HHH000041: Configured SessionFactory: null
21-Dec-2018 13:09:14.421 INFO [http-nio-5000-exec-3] org.hibernate.service.jdbc.connections.internal.DriverManagerConnectionProviderImpl.configure HHH000402: Using Hibernate built-in connection pool (not for production use!)
21-Dec-2018 13:09:14.423 INFO [http-nio-5000-exec-3] org.hibernate.service.jdbc.connections.internal.DriverManagerConnectionProviderImpl.configure HHH000115: Hibernate connection pool size: 1
21-Dec-2018 13:09:14.425 INFO [http-nio-5000-exec-3] org.hibernate.service.jdbc.connections.internal.DriverManagerConnectionProviderImpl.configure HHH000006: Autocommit mode: false
21-Dec-2018 13:09:14.426 INFO [http-nio-5000-exec-3] org.hibernate.service.jdbc.connections.internal.DriverManagerConnectionProviderImpl.configure HHH000401: using driver [com.mysql.jdbc.Driver] at URL [jdbc:mysql://localhost:3306/hibernatedb?serverTimezone=UTC]
21-Dec-2018 13:09:14.428 INFO [http-nio-5000-exec-3] org.hibernate.service.jdbc.connections.internal.DriverManagerConnectionProviderImpl.configure HHH000046: Connection properties: {user=root, password=****}
21-Dec-2018 13:09:14.957 INFO [http-nio-5000-exec-3] org.hibernate.dialect.Dialect.<init> HHH000400: Using dialect: org.hibernate.dialect.MySQLInnoDBDialect
21-Dec-2018 13:09:14.979 INFO [http-nio-5000-exec-3] org.hibernate.engine.transaction.internal.TransactionFactoryInitiator.initiateService HHH000399: Using default transaction strategy (direct JDBC transactions)
21-Dec-2018 13:09:14.984 INFO [http-nio-5000-exec-3] org.hibernate.hql.internal.ast.ASTQueryTranslatorFactory.<init> HHH000397: Using ASTQueryTranslatorFactory
