19-Dec-2018 18:14:51.019 INFO [main] org.apache.catalina.startup.VersionLoggerListener.log Server version:        Apache Tomcat/9.0.13
19-Dec-2018 18:14:51.024 INFO [main] org.apache.catalina.startup.VersionLoggerListener.log Server built:          Nov 2 2018 14:27:55 UTC
19-Dec-2018 18:14:51.025 INFO [main] org.apache.catalina.startup.VersionLoggerListener.log Server number:         9.0.13.0
19-Dec-2018 18:14:51.026 INFO [main] org.apache.catalina.startup.VersionLoggerListener.log OS Name:               Windows 10
19-Dec-2018 18:14:51.026 INFO [main] org.apache.catalina.startup.VersionLoggerListener.log OS Version:            10.0
19-Dec-2018 18:14:51.026 INFO [main] org.apache.catalina.startup.VersionLoggerListener.log Architecture:          x86
19-Dec-2018 18:14:51.027 INFO [main] org.apache.catalina.startup.VersionLoggerListener.log Java Home:             C:\Program Files (x86)\Java\jre1.8.0_191
19-Dec-2018 18:14:51.027 INFO [main] org.apache.catalina.startup.VersionLoggerListener.log JVM Version:           1.8.0_191-b12
19-Dec-2018 18:14:51.027 INFO [main] org.apache.catalina.startup.VersionLoggerListener.log JVM Vendor:            Oracle Corporation
19-Dec-2018 18:14:51.028 INFO [main] org.apache.catalina.startup.VersionLoggerListener.log CATALINA_BASE:         C:\Users\Yuval Gabay\IdeaProjects\makaka-old\tomcat
19-Dec-2018 18:14:51.028 INFO [main] org.apache.catalina.startup.VersionLoggerListener.log CATALINA_HOME:         C:\Users\Yuval Gabay\IdeaProjects\makaka-old\tomcat
19-Dec-2018 18:14:51.029 INFO [main] org.apache.catalina.startup.VersionLoggerListener.log Command line argument: -Djava.util.logging.config.file=C:\Users\Yuval Gabay\IdeaProjects\makaka-old\tomcat\conf\logging.properties
19-Dec-2018 18:14:51.029 INFO [main] org.apache.catalina.startup.VersionLoggerListener.log Command line argument: -Djava.util.logging.manager=org.apache.juli.ClassLoaderLogManager
19-Dec-2018 18:14:51.029 INFO [main] org.apache.catalina.startup.VersionLoggerListener.log Command line argument: -Djdk.tls.ephemeralDHKeySize=2048
19-Dec-2018 18:14:51.030 INFO [main] org.apache.catalina.startup.VersionLoggerListener.log Command line argument: -Djava.protocol.handler.pkgs=org.apache.catalina.webresources
19-Dec-2018 18:14:51.030 INFO [main] org.apache.catalina.startup.VersionLoggerListener.log Command line argument: -Dignore.endorsed.dirs=
19-Dec-2018 18:14:51.030 INFO [main] org.apache.catalina.startup.VersionLoggerListener.log Command line argument: -Dcatalina.base=C:\Users\Yuval Gabay\IdeaProjects\makaka-old\tomcat
19-Dec-2018 18:14:51.031 INFO [main] org.apache.catalina.startup.VersionLoggerListener.log Command line argument: -Dcatalina.home=C:\Users\Yuval Gabay\IdeaProjects\makaka-old\tomcat
19-Dec-2018 18:14:51.032 INFO [main] org.apache.catalina.startup.VersionLoggerListener.log Command line argument: -Djava.io.tmpdir=C:\Users\Yuval Gabay\IdeaProjects\makaka-old\tomcat\temp
19-Dec-2018 18:14:51.033 INFO [main] org.apache.catalina.core.AprLifecycleListener.lifecycleEvent The APR based Apache Tomcat Native library which allows optimal performance in production environments was not found on the java.library.path: [C:\Program Files (x86)\Java\jre1.8.0_191\bin;C:\Windows\Sun\Java\bin;C:\Windows\system32;C:\Windows;C:\Program Files\Microsoft MPI\Bin\;C:\Python27x86;C:\ProgramData\Anaconda3;C:\ProgramData\Anaconda3\Library\mingw-w64\bin;C:\ProgramData\Anaconda3\Library\usr\bin;C:\ProgramData\Anaconda3\Library\bin;C:\ProgramData\Anaconda3\Scripts;C:\Python37\Scripts\;C:\Python37\;C:\Program Files (x86)\Common Files\Oracle\Java\javapath;C:\Python27x86;C:\Python27x86\Python27x86;C:\Python27;C:\Program Files (x86)\Intel\iCLS Client\;C:\Program Files\Intel\iCLS Client\;C:\Windows\system32;C:\Windows;C:\Windows\System32\Wbem;C:\Windows\System32\WindowsPowerShell\v1.0\;C:\Windows\System32\OpenSSH\;C:\Program Files (x86)\Intel\Intel(R) Management Engine Components\DAL;C:\Program Files\Intel\Intel(R) Management Engine Components\DAL;C:\Program Files (x86)\Intel\Intel(R) Management Engine Components\IPT;C:\Program Files\Intel\Intel(R) Management Engine Components\IPT;C:\Program Files\Intel\WiFi\bin\;C:\Program Files\Common Files\Intel\WirelessCommon\;C:\Program Files (x86)\ChucK\/bin;C:\Program Files\Git\cmd;C:\Program Files\dotnet\;C:\Program Files\Microsoft SQL Server\130\Tools\Binn\;C:\Users\Yuval Gabay\AppData\Local\Microsoft\WindowsApps;;C:\Program Files\JetBrains\IntelliJ IDEA Community Edition 2018.3\bin;;.]
19-Dec-2018 18:14:51.244 INFO [main] org.apache.coyote.AbstractProtocol.init Initializing ProtocolHandler ["http-nio-5000"]
19-Dec-2018 18:14:51.561 INFO [main] org.apache.tomcat.util.net.NioSelectorPool.getSharedSelector Using a shared selector for servlet write/read
19-Dec-2018 18:14:51.581 INFO [main] org.apache.coyote.AbstractProtocol.init Initializing ProtocolHandler ["ajp-nio-8009"]
19-Dec-2018 18:14:51.583 INFO [main] org.apache.tomcat.util.net.NioSelectorPool.getSharedSelector Using a shared selector for servlet write/read
19-Dec-2018 18:14:51.584 INFO [main] org.apache.catalina.startup.Catalina.load Initialization processed in 1280 ms
19-Dec-2018 18:14:51.628 INFO [main] org.apache.catalina.core.StandardService.startInternal Starting service [Catalina]
19-Dec-2018 18:14:51.628 INFO [main] org.apache.catalina.core.StandardEngine.startInternal Starting Servlet Engine: Apache Tomcat/9.0.13
19-Dec-2018 18:14:51.644 INFO [main] org.apache.catalina.startup.HostConfig.deployDirectory Deploying web application directory [C:\Users\Yuval Gabay\IdeaProjects\makaka-old\tomcat\webapps\docs]
19-Dec-2018 18:14:53.283 INFO [main] org.apache.jasper.servlet.TldScanner.scanJars At least one JAR was scanned for TLDs yet contained no TLDs. Enable debug logging for this logger for a complete list of JARs that were scanned but no TLDs were found in them. Skipping unneeded JARs during scanning can improve startup time and JSP compilation time.
19-Dec-2018 18:14:53.401 INFO [main] org.apache.catalina.startup.HostConfig.deployDirectory Deployment of web application directory [C:\Users\Yuval Gabay\IdeaProjects\makaka-old\tomcat\webapps\docs] has finished in [1,757] ms
19-Dec-2018 18:14:53.402 INFO [main] org.apache.catalina.startup.HostConfig.deployDirectory Deploying web application directory [C:\Users\Yuval Gabay\IdeaProjects\makaka-old\tomcat\webapps\examples]
19-Dec-2018 18:14:54.917 INFO [main] org.apache.jasper.servlet.TldScanner.scanJars At least one JAR was scanned for TLDs yet contained no TLDs. Enable debug logging for this logger for a complete list of JARs that were scanned but no TLDs were found in them. Skipping unneeded JARs during scanning can improve startup time and JSP compilation time.
19-Dec-2018 18:14:55.003 INFO [main] org.apache.catalina.startup.HostConfig.deployDirectory Deployment of web application directory [C:\Users\Yuval Gabay\IdeaProjects\makaka-old\tomcat\webapps\examples] has finished in [1,600] ms
19-Dec-2018 18:14:55.004 INFO [main] org.apache.catalina.startup.HostConfig.deployDirectory Deploying web application directory [C:\Users\Yuval Gabay\IdeaProjects\makaka-old\tomcat\webapps\host-manager]
19-Dec-2018 18:14:55.843 INFO [main] org.apache.jasper.servlet.TldScanner.scanJars At least one JAR was scanned for TLDs yet contained no TLDs. Enable debug logging for this logger for a complete list of JARs that were scanned but no TLDs were found in them. Skipping unneeded JARs during scanning can improve startup time and JSP compilation time.
19-Dec-2018 18:14:55.853 INFO [main] org.apache.catalina.startup.HostConfig.deployDirectory Deployment of web application directory [C:\Users\Yuval Gabay\IdeaProjects\makaka-old\tomcat\webapps\host-manager] has finished in [849] ms
19-Dec-2018 18:14:55.854 INFO [main] org.apache.catalina.startup.HostConfig.deployDirectory Deploying web application directory [C:\Users\Yuval Gabay\IdeaProjects\makaka-old\tomcat\webapps\manager]
19-Dec-2018 18:14:56.645 INFO [main] org.apache.jasper.servlet.TldScanner.scanJars At least one JAR was scanned for TLDs yet contained no TLDs. Enable debug logging for this logger for a complete list of JARs that were scanned but no TLDs were found in them. Skipping unneeded JARs during scanning can improve startup time and JSP compilation time.
19-Dec-2018 18:14:56.649 INFO [main] org.apache.catalina.startup.HostConfig.deployDirectory Deployment of web application directory [C:\Users\Yuval Gabay\IdeaProjects\makaka-old\tomcat\webapps\manager] has finished in [795] ms
19-Dec-2018 18:14:56.650 INFO [main] org.apache.catalina.startup.HostConfig.deployDirectory Deploying web application directory [C:\Users\Yuval Gabay\IdeaProjects\makaka-old\tomcat\webapps\PipeServer]
19-Dec-2018 18:14:57.329 INFO [main] org.apache.jasper.servlet.TldScanner.scanJars At least one JAR was scanned for TLDs yet contained no TLDs. Enable debug logging for this logger for a complete list of JARs that were scanned but no TLDs were found in them. Skipping unneeded JARs during scanning can improve startup time and JSP compilation time.
19-Dec-2018 18:14:57.336 INFO [main] org.apache.catalina.startup.HostConfig.deployDirectory Deployment of web application directory [C:\Users\Yuval Gabay\IdeaProjects\makaka-old\tomcat\webapps\PipeServer] has finished in [686] ms
19-Dec-2018 18:14:57.337 INFO [main] org.apache.catalina.startup.HostConfig.deployDirectory Deploying web application directory [C:\Users\Yuval Gabay\IdeaProjects\makaka-old\tomcat\webapps\ROOT]
19-Dec-2018 18:14:58.207 INFO [main] org.apache.jasper.servlet.TldScanner.scanJars At least one JAR was scanned for TLDs yet contained no TLDs. Enable debug logging for this logger for a complete list of JARs that were scanned but no TLDs were found in them. Skipping unneeded JARs during scanning can improve startup time and JSP compilation time.
19-Dec-2018 18:14:58.211 INFO [main] org.apache.catalina.startup.HostConfig.deployDirectory Deployment of web application directory [C:\Users\Yuval Gabay\IdeaProjects\makaka-old\tomcat\webapps\ROOT] has finished in [875] ms
19-Dec-2018 18:14:58.214 INFO [main] org.apache.coyote.AbstractProtocol.start Starting ProtocolHandler ["http-nio-5000"]
19-Dec-2018 18:14:58.234 INFO [main] org.apache.coyote.AbstractProtocol.start Starting ProtocolHandler ["ajp-nio-8009"]
19-Dec-2018 18:14:58.237 INFO [main] org.apache.catalina.startup.Catalina.start Server startup in 6650 ms
19-Dec-2018 18:15:03.354 INFO [http-nio-5000-exec-1] org.hibernate.annotations.common.Version.<clinit> HCANN000001: Hibernate Commons Annotations {4.0.1.Final}
19-Dec-2018 18:15:03.367 INFO [http-nio-5000-exec-1] org.hibernate.Version.logVersion HHH000412: Hibernate Core {4.1.9.Final}
19-Dec-2018 18:15:03.372 INFO [http-nio-5000-exec-1] org.hibernate.cfg.Environment.<clinit> HHH000206: hibernate.properties not found
19-Dec-2018 18:15:03.376 INFO [http-nio-5000-exec-1] org.hibernate.cfg.Environment.buildBytecodeProvider HHH000021: Bytecode provider name : javassist
19-Dec-2018 18:15:03.427 INFO [http-nio-5000-exec-1] org.hibernate.cfg.Configuration.configure HHH000042: Configuring from file: hibernate.cfg.xml
19-Dec-2018 18:15:03.464 WARN [http-nio-5000-exec-1] org.hibernate.internal.util.xml.DTDEntityResolver.resolveEntity HHH000223: Recognized obsolete hibernate namespace http://hibernate.sourceforge.net/. Use namespace http://www.hibernate.org/dtd/ instead. Refer to Hibernate 3.6 Migration Guide!
19-Dec-2018 18:15:03.520 INFO [http-nio-5000-exec-1] org.hibernate.cfg.Configuration.doConfigure HHH000041: Configured SessionFactory: null
19-Dec-2018 18:15:03.749 INFO [http-nio-5000-exec-1] org.hibernate.service.jdbc.connections.internal.DriverManagerConnectionProviderImpl.configure HHH000402: Using Hibernate built-in connection pool (not for production use!)
19-Dec-2018 18:15:03.758 INFO [http-nio-5000-exec-1] org.hibernate.service.jdbc.connections.internal.DriverManagerConnectionProviderImpl.configure HHH000115: Hibernate connection pool size: 1
19-Dec-2018 18:15:03.759 INFO [http-nio-5000-exec-1] org.hibernate.service.jdbc.connections.internal.DriverManagerConnectionProviderImpl.configure HHH000006: Autocommit mode: false
19-Dec-2018 18:15:03.760 INFO [http-nio-5000-exec-1] org.hibernate.service.jdbc.connections.internal.DriverManagerConnectionProviderImpl.configure HHH000401: using driver [com.mysql.jdbc.Driver] at URL [jdbc:mysql://localhost:3306/hibernatedb?serverTimezone=UTC]
19-Dec-2018 18:15:03.760 INFO [http-nio-5000-exec-1] org.hibernate.service.jdbc.connections.internal.DriverManagerConnectionProviderImpl.configure HHH000046: Connection properties: {user=root, password=****}
19-Dec-2018 18:15:04.745 INFO [http-nio-5000-exec-1] org.hibernate.dialect.Dialect.<init> HHH000400: Using dialect: org.hibernate.dialect.MySQLInnoDBDialect
19-Dec-2018 18:15:04.789 INFO [http-nio-5000-exec-1] org.hibernate.engine.transaction.internal.TransactionFactoryInitiator.initiateService HHH000399: Using default transaction strategy (direct JDBC transactions)
19-Dec-2018 18:15:04.799 INFO [http-nio-5000-exec-1] org.hibernate.hql.internal.ast.ASTQueryTranslatorFactory.<init> HHH000397: Using ASTQueryTranslatorFactory
