18-Dec-2018 10:36:46.532 INFO [main] org.apache.catalina.startup.VersionLoggerListener.log Server version:        Apache Tomcat/9.0.13
18-Dec-2018 10:36:46.556 INFO [main] org.apache.catalina.startup.VersionLoggerListener.log Server built:          Nov 2 2018 14:27:55 UTC
18-Dec-2018 10:36:46.556 INFO [main] org.apache.catalina.startup.VersionLoggerListener.log Server number:         9.0.13.0
18-Dec-2018 10:36:46.556 INFO [main] org.apache.catalina.startup.VersionLoggerListener.log OS Name:               Windows 10
18-Dec-2018 10:36:46.556 INFO [main] org.apache.catalina.startup.VersionLoggerListener.log OS Version:            10.0
18-Dec-2018 10:36:46.557 INFO [main] org.apache.catalina.startup.VersionLoggerListener.log Architecture:          amd64
18-Dec-2018 10:36:46.557 INFO [main] org.apache.catalina.startup.VersionLoggerListener.log Java Home:             c:\Program Files\Java\jdk1.8.0_181\jre
18-Dec-2018 10:36:46.557 INFO [main] org.apache.catalina.startup.VersionLoggerListener.log JVM Version:           1.8.0_181-b13
18-Dec-2018 10:36:46.557 INFO [main] org.apache.catalina.startup.VersionLoggerListener.log JVM Vendor:            Oracle Corporation
18-Dec-2018 10:36:46.557 INFO [main] org.apache.catalina.startup.VersionLoggerListener.log CATALINA_BASE:         C:\Users\Inbal\Makaka\tomcat
18-Dec-2018 10:36:46.557 INFO [main] org.apache.catalina.startup.VersionLoggerListener.log CATALINA_HOME:         C:\Users\Inbal\Makaka\tomcat
18-Dec-2018 10:36:46.557 INFO [main] org.apache.catalina.startup.VersionLoggerListener.log Command line argument: -Djava.util.logging.config.file=C:\Users\Inbal\Makaka\tomcat\conf\logging.properties
18-Dec-2018 10:36:46.557 INFO [main] org.apache.catalina.startup.VersionLoggerListener.log Command line argument: -Djava.util.logging.manager=org.apache.juli.ClassLoaderLogManager
18-Dec-2018 10:36:46.558 INFO [main] org.apache.catalina.startup.VersionLoggerListener.log Command line argument: -Djdk.tls.ephemeralDHKeySize=2048
18-Dec-2018 10:36:46.558 INFO [main] org.apache.catalina.startup.VersionLoggerListener.log Command line argument: -Djava.protocol.handler.pkgs=org.apache.catalina.webresources
18-Dec-2018 10:36:46.558 INFO [main] org.apache.catalina.startup.VersionLoggerListener.log Command line argument: -Dignore.endorsed.dirs=
18-Dec-2018 10:36:46.558 INFO [main] org.apache.catalina.startup.VersionLoggerListener.log Command line argument: -Dcatalina.base=C:\Users\Inbal\Makaka\tomcat
18-Dec-2018 10:36:46.560 INFO [main] org.apache.catalina.startup.VersionLoggerListener.log Command line argument: -Dcatalina.home=C:\Users\Inbal\Makaka\tomcat
18-Dec-2018 10:36:46.561 INFO [main] org.apache.catalina.startup.VersionLoggerListener.log Command line argument: -Djava.io.tmpdir=C:\Users\Inbal\Makaka\tomcat\temp
18-Dec-2018 10:36:46.561 INFO [main] org.apache.catalina.core.AprLifecycleListener.lifecycleEvent The APR based Apache Tomcat Native library which allows optimal performance in production environments was not found on the java.library.path: [c:\Program Files\Java\jdk1.8.0_181\bin;C:\WINDOWS\Sun\Java\bin;C:\WINDOWS\system32;C:\WINDOWS;C:\Program Files (x86)\Common Files\Oracle\Java\javapath;C:\Program Files (x86)\Intel\iCLS Client\;C:\Program Files\Intel\iCLS Client\;C:\Windows\system32;C:\Windows;C:\Windows\System32\Wbem;C:\Windows\System32\WindowsPowerShell\v1.0\;C:\Program Files (x86)\NVIDIA Corporation\PhysX\Common;C:\Program Files (x86)\Intel\Intel(R) Management Engine Components\DAL;C:\Program Files\Intel\Intel(R) Management Engine Components\DAL;C:\Program Files (x86)\Intel\Intel(R) Management Engine Components\IPT;C:\Program Files\Intel\Intel(R) Management Engine Components\IPT;C:\WINDOWS\system32\config\systemprofile\.dnx\bin;C:\Program Files\Microsoft DNX\Dnvm\;C:\Program Files\Microsoft SQL Server\120\Tools\Binn\;C:\Program Files\Microsoft SQL Server\130\Tools\Binn\;C:\Program Files\Git\cmd;C:\Program Files (x86)\nodejs\;C:\Program Files\PuTTY\;C:\WINDOWS\system32;C:\WINDOWS;C:\WINDOWS\System32\Wbem;C:\WINDOWS\System32\WindowsPowerShell\v1.0\;C:\WINDOWS\System32\OpenSSH\;C:\Program Files\Intel\WiFi\bin\;C:\Program Files\Common Files\Intel\WirelessCommon\;C:\Program Files\dotnet\;C:\Program Files\Java\jdk1.8.0_181\bin;C:\Program Files\MySQL\MySQL Server 8.0;C:\Users\Inbal\AppData\Local\Microsoft\WindowsApps;C:\Users\Inbal\AppData\Roaming\npm;C:\Program Files (x86)\Microsoft VS Code\bin;;.]
18-Dec-2018 10:36:48.383 INFO [main] org.apache.coyote.AbstractProtocol.init Initializing ProtocolHandler ["http-nio-5000"]
18-Dec-2018 10:36:48.526 INFO [main] org.apache.tomcat.util.net.NioSelectorPool.getSharedSelector Using a shared selector for servlet write/read
18-Dec-2018 10:36:48.540 INFO [main] org.apache.coyote.AbstractProtocol.init Initializing ProtocolHandler ["ajp-nio-8009"]
18-Dec-2018 10:36:48.542 INFO [main] org.apache.tomcat.util.net.NioSelectorPool.getSharedSelector Using a shared selector for servlet write/read
18-Dec-2018 10:36:48.543 INFO [main] org.apache.catalina.startup.Catalina.load Initialization processed in 2523 ms
18-Dec-2018 10:36:48.593 INFO [main] org.apache.catalina.core.StandardService.startInternal Starting service [Catalina]
18-Dec-2018 10:36:48.593 INFO [main] org.apache.catalina.core.StandardEngine.startInternal Starting Servlet Engine: Apache Tomcat/9.0.13
18-Dec-2018 10:36:48.625 INFO [main] org.apache.catalina.startup.HostConfig.deployDirectory Deploying web application directory [C:\Users\Inbal\Makaka\tomcat\webapps\docs]
18-Dec-2018 10:36:50.426 INFO [main] org.apache.jasper.servlet.TldScanner.scanJars At least one JAR was scanned for TLDs yet contained no TLDs. Enable debug logging for this logger for a complete list of JARs that were scanned but no TLDs were found in them. Skipping unneeded JARs during scanning can improve startup time and JSP compilation time.
18-Dec-2018 10:36:50.496 INFO [main] org.apache.catalina.startup.HostConfig.deployDirectory Deployment of web application directory [C:\Users\Inbal\Makaka\tomcat\webapps\docs] has finished in [1,870] ms
18-Dec-2018 10:36:50.497 INFO [main] org.apache.catalina.startup.HostConfig.deployDirectory Deploying web application directory [C:\Users\Inbal\Makaka\tomcat\webapps\examples]
18-Dec-2018 10:36:53.510 INFO [main] org.apache.jasper.servlet.TldScanner.scanJars At least one JAR was scanned for TLDs yet contained no TLDs. Enable debug logging for this logger for a complete list of JARs that were scanned but no TLDs were found in them. Skipping unneeded JARs during scanning can improve startup time and JSP compilation time.
18-Dec-2018 10:36:53.573 INFO [main] org.apache.catalina.startup.HostConfig.deployDirectory Deployment of web application directory [C:\Users\Inbal\Makaka\tomcat\webapps\examples] has finished in [3,076] ms
18-Dec-2018 10:36:53.576 INFO [main] org.apache.catalina.startup.HostConfig.deployDirectory Deploying web application directory [C:\Users\Inbal\Makaka\tomcat\webapps\host-manager]
18-Dec-2018 10:36:54.052 INFO [main] org.apache.jasper.servlet.TldScanner.scanJars At least one JAR was scanned for TLDs yet contained no TLDs. Enable debug logging for this logger for a complete list of JARs that were scanned but no TLDs were found in them. Skipping unneeded JARs during scanning can improve startup time and JSP compilation time.
18-Dec-2018 10:36:54.062 INFO [main] org.apache.catalina.startup.HostConfig.deployDirectory Deployment of web application directory [C:\Users\Inbal\Makaka\tomcat\webapps\host-manager] has finished in [487] ms
18-Dec-2018 10:36:54.063 INFO [main] org.apache.catalina.startup.HostConfig.deployDirectory Deploying web application directory [C:\Users\Inbal\Makaka\tomcat\webapps\manager]
18-Dec-2018 10:36:54.518 INFO [main] org.apache.jasper.servlet.TldScanner.scanJars At least one JAR was scanned for TLDs yet contained no TLDs. Enable debug logging for this logger for a complete list of JARs that were scanned but no TLDs were found in them. Skipping unneeded JARs during scanning can improve startup time and JSP compilation time.
18-Dec-2018 10:36:54.522 INFO [main] org.apache.catalina.startup.HostConfig.deployDirectory Deployment of web application directory [C:\Users\Inbal\Makaka\tomcat\webapps\manager] has finished in [459] ms
18-Dec-2018 10:36:54.523 INFO [main] org.apache.catalina.startup.HostConfig.deployDirectory Deploying web application directory [C:\Users\Inbal\Makaka\tomcat\webapps\PipeServer]
18-Dec-2018 10:36:55.071 INFO [main] org.apache.jasper.servlet.TldScanner.scanJars At least one JAR was scanned for TLDs yet contained no TLDs. Enable debug logging for this logger for a complete list of JARs that were scanned but no TLDs were found in them. Skipping unneeded JARs during scanning can improve startup time and JSP compilation time.
18-Dec-2018 10:36:55.082 INFO [main] org.apache.catalina.startup.HostConfig.deployDirectory Deployment of web application directory [C:\Users\Inbal\Makaka\tomcat\webapps\PipeServer] has finished in [560] ms
18-Dec-2018 10:36:55.083 INFO [main] org.apache.catalina.startup.HostConfig.deployDirectory Deploying web application directory [C:\Users\Inbal\Makaka\tomcat\webapps\ROOT]
18-Dec-2018 10:36:55.604 INFO [main] org.apache.jasper.servlet.TldScanner.scanJars At least one JAR was scanned for TLDs yet contained no TLDs. Enable debug logging for this logger for a complete list of JARs that were scanned but no TLDs were found in them. Skipping unneeded JARs during scanning can improve startup time and JSP compilation time.
18-Dec-2018 10:36:55.609 INFO [main] org.apache.catalina.startup.HostConfig.deployDirectory Deployment of web application directory [C:\Users\Inbal\Makaka\tomcat\webapps\ROOT] has finished in [525] ms
18-Dec-2018 10:36:55.613 INFO [main] org.apache.coyote.AbstractProtocol.start Starting ProtocolHandler ["http-nio-5000"]
18-Dec-2018 10:36:55.636 INFO [main] org.apache.coyote.AbstractProtocol.start Starting ProtocolHandler ["ajp-nio-8009"]
18-Dec-2018 10:36:55.640 INFO [main] org.apache.catalina.startup.Catalina.start Server startup in 7095 ms
18-Dec-2018 10:37:34.178 INFO [http-nio-5000-exec-1] org.hibernate.annotations.common.Version.<clinit> HCANN000001: Hibernate Commons Annotations {4.0.1.Final}
18-Dec-2018 10:37:34.190 INFO [http-nio-5000-exec-1] org.hibernate.Version.logVersion HHH000412: Hibernate Core {4.1.9.Final}
18-Dec-2018 10:37:34.195 INFO [http-nio-5000-exec-1] org.hibernate.cfg.Environment.<clinit> HHH000206: hibernate.properties not found
18-Dec-2018 10:37:34.197 INFO [http-nio-5000-exec-1] org.hibernate.cfg.Environment.buildBytecodeProvider HHH000021: Bytecode provider name : javassist
18-Dec-2018 10:37:34.251 INFO [http-nio-5000-exec-1] org.hibernate.cfg.Configuration.configure HHH000042: Configuring from file: hibernate.cfg.xml
18-Dec-2018 10:37:34.375 WARN [http-nio-5000-exec-1] org.hibernate.internal.util.xml.DTDEntityResolver.resolveEntity HHH000223: Recognized obsolete hibernate namespace http://hibernate.sourceforge.net/. Use namespace http://www.hibernate.org/dtd/ instead. Refer to Hibernate 3.6 Migration Guide!
18-Dec-2018 10:37:34.420 INFO [http-nio-5000-exec-1] org.hibernate.cfg.Configuration.doConfigure HHH000041: Configured SessionFactory: null
18-Dec-2018 10:37:34.595 INFO [http-nio-5000-exec-1] org.hibernate.service.jdbc.connections.internal.DriverManagerConnectionProviderImpl.configure HHH000402: Using Hibernate built-in connection pool (not for production use!)
18-Dec-2018 10:37:34.598 INFO [http-nio-5000-exec-1] org.hibernate.service.jdbc.connections.internal.DriverManagerConnectionProviderImpl.configure HHH000115: Hibernate connection pool size: 1
18-Dec-2018 10:37:34.600 INFO [http-nio-5000-exec-1] org.hibernate.service.jdbc.connections.internal.DriverManagerConnectionProviderImpl.configure HHH000006: Autocommit mode: false
18-Dec-2018 10:37:34.601 INFO [http-nio-5000-exec-1] org.hibernate.service.jdbc.connections.internal.DriverManagerConnectionProviderImpl.configure HHH000401: using driver [com.mysql.jdbc.Driver] at URL [jdbc:mysql://localhost:3306/hibernatedb?serverTimezone=UTC]
18-Dec-2018 10:37:34.601 INFO [http-nio-5000-exec-1] org.hibernate.service.jdbc.connections.internal.DriverManagerConnectionProviderImpl.configure HHH000046: Connection properties: {user=root, password=****}
18-Dec-2018 10:37:35.501 INFO [http-nio-5000-exec-1] org.hibernate.dialect.Dialect.<init> HHH000400: Using dialect: org.hibernate.dialect.MySQLInnoDBDialect
18-Dec-2018 10:37:35.532 INFO [http-nio-5000-exec-1] org.hibernate.engine.transaction.internal.TransactionFactoryInitiator.initiateService HHH000399: Using default transaction strategy (direct JDBC transactions)
18-Dec-2018 10:37:35.541 INFO [http-nio-5000-exec-1] org.hibernate.hql.internal.ast.ASTQueryTranslatorFactory.<init> HHH000397: Using ASTQueryTranslatorFactory
