14-Dec-2018 09:17:34.648 INFO [main] org.apache.catalina.core.ApplicationContext.log ContextListener: contextInitialized()
14-Dec-2018 09:17:34.648 INFO [main] org.apache.catalina.core.ApplicationContext.log SessionListener: contextInitialized()
14-Dec-2018 09:17:34.654 INFO [main] org.apache.catalina.core.ApplicationContext.log ContextListener: attributeAdded('StockTicker', 'async.Stockticker@9d5509a')
14-Dec-2018 09:18:50.554 INFO [Thread-5] org.apache.catalina.core.ApplicationContext.log SessionListener: contextDestroyed()
14-Dec-2018 09:18:50.554 INFO [Thread-5] org.apache.catalina.core.ApplicationContext.log ContextListener: contextDestroyed()
14-Dec-2018 09:28:47.301 INFO [main] org.apache.catalina.core.ApplicationContext.log ContextListener: contextInitialized()
14-Dec-2018 09:28:47.301 INFO [main] org.apache.catalina.core.ApplicationContext.log SessionListener: contextInitialized()
14-Dec-2018 09:28:47.302 INFO [main] org.apache.catalina.core.ApplicationContext.log ContextListener: attributeAdded('StockTicker', 'async.Stockticker@9d5509a')
14-Dec-2018 09:28:51.355 INFO [Thread-5] org.apache.catalina.core.ApplicationContext.log SessionListener: contextDestroyed()
14-Dec-2018 09:28:51.356 INFO [Thread-5] org.apache.catalina.core.ApplicationContext.log ContextListener: contextDestroyed()
14-Dec-2018 09:44:29.261 INFO [main] org.apache.catalina.core.ApplicationContext.log ContextListener: contextInitialized()
14-Dec-2018 09:44:29.261 INFO [main] org.apache.catalina.core.ApplicationContext.log SessionListener: contextInitialized()
14-Dec-2018 09:44:29.262 INFO [main] org.apache.catalina.core.ApplicationContext.log ContextListener: attributeAdded('StockTicker', 'async.Stockticker@9d5509a')
14-Dec-2018 09:54:52.181 INFO [main] org.apache.catalina.core.ApplicationContext.log ContextListener: contextInitialized()
14-Dec-2018 09:54:52.181 INFO [main] org.apache.catalina.core.ApplicationContext.log SessionListener: contextInitialized()
14-Dec-2018 09:54:52.184 INFO [main] org.apache.catalina.core.ApplicationContext.log ContextListener: attributeAdded('StockTicker', 'async.Stockticker@f5958c9')
14-Dec-2018 09:54:52.588 INFO [main] org.apache.catalina.core.ApplicationContext.log SessionListener: contextDestroyed()
14-Dec-2018 09:54:52.588 INFO [main] org.apache.catalina.core.ApplicationContext.log ContextListener: contextDestroyed()
14-Dec-2018 09:57:51.902 INFO [Thread-5] org.apache.catalina.core.ApplicationContext.log SessionListener: contextDestroyed()
14-Dec-2018 09:57:51.902 INFO [Thread-5] org.apache.catalina.core.ApplicationContext.log ContextListener: contextDestroyed()
14-Dec-2018 09:57:54.967 INFO [main] org.apache.catalina.core.ApplicationContext.log ContextListener: contextInitialized()
14-Dec-2018 09:57:54.967 INFO [main] org.apache.catalina.core.ApplicationContext.log SessionListener: contextInitialized()
14-Dec-2018 09:57:54.969 INFO [main] org.apache.catalina.core.ApplicationContext.log ContextListener: attributeAdded('StockTicker', 'async.Stockticker@9d5509a')
14-Dec-2018 10:01:52.562 INFO [Thread-5] org.apache.catalina.core.ApplicationContext.log SessionListener: contextDestroyed()
14-Dec-2018 10:01:52.562 INFO [Thread-5] org.apache.catalina.core.ApplicationContext.log ContextListener: contextDestroyed()
14-Dec-2018 10:12:22.599 INFO [main] org.apache.catalina.core.ApplicationContext.log ContextListener: contextInitialized()
14-Dec-2018 10:12:22.599 INFO [main] org.apache.catalina.core.ApplicationContext.log SessionListener: contextInitialized()
14-Dec-2018 10:12:22.601 INFO [main] org.apache.catalina.core.ApplicationContext.log ContextListener: attributeAdded('StockTicker', 'async.Stockticker@9d5509a')
14-Dec-2018 10:21:03.725 INFO [main] org.apache.catalina.core.ApplicationContext.log ContextListener: contextInitialized()
14-Dec-2018 10:21:03.725 INFO [main] org.apache.catalina.core.ApplicationContext.log SessionListener: contextInitialized()
14-Dec-2018 10:21:03.736 INFO [main] org.apache.catalina.core.ApplicationContext.log ContextListener: attributeAdded('StockTicker', 'async.Stockticker@9d5509a')
14-Dec-2018 10:21:21.665 INFO [Thread-5] org.apache.catalina.core.ApplicationContext.log SessionListener: contextDestroyed()
14-Dec-2018 10:21:21.665 INFO [Thread-5] org.apache.catalina.core.ApplicationContext.log ContextListener: contextDestroyed()
14-Dec-2018 10:32:41.299 INFO [main] org.apache.catalina.core.ApplicationContext.log ContextListener: contextInitialized()
14-Dec-2018 10:32:41.299 INFO [main] org.apache.catalina.core.ApplicationContext.log SessionListener: contextInitialized()
14-Dec-2018 10:32:41.304 INFO [main] org.apache.catalina.core.ApplicationContext.log ContextListener: attributeAdded('StockTicker', 'async.Stockticker@9d5509a')
14-Dec-2018 10:40:16.308 INFO [Thread-5] org.apache.catalina.core.ApplicationContext.log SessionListener: contextDestroyed()
14-Dec-2018 10:40:16.308 INFO [Thread-5] org.apache.catalina.core.ApplicationContext.log ContextListener: contextDestroyed()
14-Dec-2018 10:43:25.576 INFO [main] org.apache.catalina.core.ApplicationContext.log ContextListener: contextInitialized()
14-Dec-2018 10:43:25.576 INFO [main] org.apache.catalina.core.ApplicationContext.log SessionListener: contextInitialized()
14-Dec-2018 10:43:25.577 INFO [main] org.apache.catalina.core.ApplicationContext.log ContextListener: attributeAdded('StockTicker', 'async.Stockticker@179ece50')
14-Dec-2018 10:43:28.658 INFO [Thread-5] org.apache.catalina.core.ApplicationContext.log SessionListener: contextDestroyed()
14-Dec-2018 10:43:28.658 INFO [Thread-5] org.apache.catalina.core.ApplicationContext.log ContextListener: contextDestroyed()
14-Dec-2018 10:43:48.727 INFO [main] org.apache.catalina.core.ApplicationContext.log ContextListener: contextInitialized()
14-Dec-2018 10:43:48.732 INFO [main] org.apache.catalina.core.ApplicationContext.log SessionListener: contextInitialized()
14-Dec-2018 10:43:48.733 INFO [main] org.apache.catalina.core.ApplicationContext.log ContextListener: attributeAdded('StockTicker', 'async.Stockticker@179ece50')
14-Dec-2018 10:43:59.324 INFO [http-nio-5000-exec-1] org.apache.catalina.core.ApplicationContext.log Marking servlet [HelloWorld] as unavailable
14-Dec-2018 10:43:59.324 SEVERE [http-nio-5000-exec-1] org.apache.catalina.core.StandardWrapperValve.invoke Allocate exception for servlet [HelloWorld]
 java.lang.ClassNotFoundException: HelloServlet
	at org.apache.catalina.loader.WebappClassLoaderBase.loadClass(WebappClassLoaderBase.java:1328)
	at org.apache.catalina.loader.WebappClassLoaderBase.loadClass(WebappClassLoaderBase.java:1157)
	at org.apache.catalina.core.DefaultInstanceManager.loadClass(DefaultInstanceManager.java:542)
	at org.apache.catalina.core.DefaultInstanceManager.loadClassMaybePrivileged(DefaultInstanceManager.java:523)
	at org.apache.catalina.core.DefaultInstanceManager.newInstance(DefaultInstanceManager.java:150)
	at org.apache.catalina.core.StandardWrapper.loadServlet(StandardWrapper.java:1032)
	at org.apache.catalina.core.StandardWrapper.allocate(StandardWrapper.java:761)
	at org.apache.catalina.core.StandardWrapperValve.invoke(StandardWrapperValve.java:133)
	at org.apache.catalina.core.StandardContextValve.invoke(StandardContextValve.java:96)
	at org.apache.catalina.authenticator.AuthenticatorBase.invoke(AuthenticatorBase.java:490)
	at org.apache.catalina.core.StandardHostValve.invoke(StandardHostValve.java:139)
	at org.apache.catalina.valves.ErrorReportValve.invoke(ErrorReportValve.java:92)
	at org.apache.catalina.valves.AbstractAccessLogValve.invoke(AbstractAccessLogValve.java:668)
	at org.apache.catalina.core.StandardEngineValve.invoke(StandardEngineValve.java:74)
	at org.apache.catalina.connector.CoyoteAdapter.service(CoyoteAdapter.java:343)
	at org.apache.coyote.http11.Http11Processor.service(Http11Processor.java:408)
	at org.apache.coyote.AbstractProcessorLight.process(AbstractProcessorLight.java:66)
	at org.apache.coyote.AbstractProtocol$ConnectionHandler.process(AbstractProtocol.java:791)
	at org.apache.tomcat.util.net.NioEndpoint$SocketProcessor.doRun(NioEndpoint.java:1417)
	at org.apache.tomcat.util.net.SocketProcessorBase.run(SocketProcessorBase.java:49)
	at java.util.concurrent.ThreadPoolExecutor.runWorker(ThreadPoolExecutor.java:1149)
	at java.util.concurrent.ThreadPoolExecutor$Worker.run(ThreadPoolExecutor.java:624)
	at org.apache.tomcat.util.threads.TaskThread$WrappingRunnable.run(TaskThread.java:61)
	at java.lang.Thread.run(Thread.java:748)

14-Dec-2018 10:44:19.087 INFO [Thread-5] org.apache.catalina.core.ApplicationContext.log SessionListener: contextDestroyed()
14-Dec-2018 10:44:19.088 INFO [Thread-5] org.apache.catalina.core.ApplicationContext.log ContextListener: contextDestroyed()
14-Dec-2018 10:48:44.399 INFO [main] org.apache.catalina.core.ApplicationContext.log ContextListener: contextInitialized()
14-Dec-2018 10:48:44.399 INFO [main] org.apache.catalina.core.ApplicationContext.log SessionListener: contextInitialized()
14-Dec-2018 10:48:44.400 INFO [main] org.apache.catalina.core.ApplicationContext.log ContextListener: attributeAdded('StockTicker', 'async.Stockticker@179ece50')
14-Dec-2018 10:49:15.578 INFO [Thread-5] org.apache.catalina.core.ApplicationContext.log SessionListener: contextDestroyed()
14-Dec-2018 10:49:15.578 INFO [Thread-5] org.apache.catalina.core.ApplicationContext.log ContextListener: contextDestroyed()
14-Dec-2018 10:49:57.255 INFO [main] org.apache.catalina.core.ApplicationContext.log ContextListener: contextInitialized()
14-Dec-2018 10:49:57.255 INFO [main] org.apache.catalina.core.ApplicationContext.log SessionListener: contextInitialized()
14-Dec-2018 10:49:57.256 INFO [main] org.apache.catalina.core.ApplicationContext.log ContextListener: attributeAdded('StockTicker', 'async.Stockticker@179ece50')
14-Dec-2018 10:54:13.553 INFO [Thread-5] org.apache.catalina.core.ApplicationContext.log SessionListener: contextDestroyed()
14-Dec-2018 10:54:13.554 INFO [Thread-5] org.apache.catalina.core.ApplicationContext.log ContextListener: contextDestroyed()
14-Dec-2018 11:56:01.946 INFO [main] org.apache.catalina.core.ApplicationContext.log ContextListener: contextInitialized()
14-Dec-2018 11:56:01.946 INFO [main] org.apache.catalina.core.ApplicationContext.log SessionListener: contextInitialized()
14-Dec-2018 11:56:01.948 INFO [main] org.apache.catalina.core.ApplicationContext.log ContextListener: attributeAdded('StockTicker', 'async.Stockticker@179ece50')
14-Dec-2018 11:58:54.903 INFO [Thread-5] org.apache.catalina.core.ApplicationContext.log SessionListener: contextDestroyed()
14-Dec-2018 11:58:54.903 INFO [Thread-5] org.apache.catalina.core.ApplicationContext.log ContextListener: contextDestroyed()
14-Dec-2018 12:01:54.274 INFO [main] org.apache.catalina.core.ApplicationContext.log ContextListener: contextInitialized()
14-Dec-2018 12:01:54.274 INFO [main] org.apache.catalina.core.ApplicationContext.log SessionListener: contextInitialized()
14-Dec-2018 12:01:54.276 INFO [main] org.apache.catalina.core.ApplicationContext.log ContextListener: attributeAdded('StockTicker', 'async.Stockticker@179ece50')
14-Dec-2018 12:02:16.449 INFO [http-nio-5000-exec-1] org.apache.catalina.core.ApplicationContext.log Marking servlet [Solve] as unavailable
14-Dec-2018 12:02:16.449 SEVERE [http-nio-5000-exec-1] org.apache.catalina.core.StandardWrapperValve.invoke Allocate exception for servlet [Solve]
 java.lang.ClassNotFoundException: SolveServlet
	at org.apache.catalina.loader.WebappClassLoaderBase.loadClass(WebappClassLoaderBase.java:1328)
	at org.apache.catalina.loader.WebappClassLoaderBase.loadClass(WebappClassLoaderBase.java:1157)
	at org.apache.catalina.core.DefaultInstanceManager.loadClass(DefaultInstanceManager.java:542)
	at org.apache.catalina.core.DefaultInstanceManager.loadClassMaybePrivileged(DefaultInstanceManager.java:523)
	at org.apache.catalina.core.DefaultInstanceManager.newInstance(DefaultInstanceManager.java:150)
	at org.apache.catalina.core.StandardWrapper.loadServlet(StandardWrapper.java:1032)
	at org.apache.catalina.core.StandardWrapper.allocate(StandardWrapper.java:761)
	at org.apache.catalina.core.StandardWrapperValve.invoke(StandardWrapperValve.java:133)
	at org.apache.catalina.core.StandardContextValve.invoke(StandardContextValve.java:96)
	at org.apache.catalina.authenticator.AuthenticatorBase.invoke(AuthenticatorBase.java:490)
	at org.apache.catalina.core.StandardHostValve.invoke(StandardHostValve.java:139)
	at org.apache.catalina.valves.ErrorReportValve.invoke(ErrorReportValve.java:92)
	at org.apache.catalina.valves.AbstractAccessLogValve.invoke(AbstractAccessLogValve.java:668)
	at org.apache.catalina.core.StandardEngineValve.invoke(StandardEngineValve.java:74)
	at org.apache.catalina.connector.CoyoteAdapter.service(CoyoteAdapter.java:343)
	at org.apache.coyote.http11.Http11Processor.service(Http11Processor.java:408)
	at org.apache.coyote.AbstractProcessorLight.process(AbstractProcessorLight.java:66)
	at org.apache.coyote.AbstractProtocol$ConnectionHandler.process(AbstractProtocol.java:791)
	at org.apache.tomcat.util.net.NioEndpoint$SocketProcessor.doRun(NioEndpoint.java:1417)
	at org.apache.tomcat.util.net.SocketProcessorBase.run(SocketProcessorBase.java:49)
	at java.util.concurrent.ThreadPoolExecutor.runWorker(ThreadPoolExecutor.java:1149)
	at java.util.concurrent.ThreadPoolExecutor$Worker.run(ThreadPoolExecutor.java:624)
	at org.apache.tomcat.util.threads.TaskThread$WrappingRunnable.run(TaskThread.java:61)
	at java.lang.Thread.run(Thread.java:748)

14-Dec-2018 12:03:30.374 INFO [Thread-5] org.apache.catalina.core.ApplicationContext.log SessionListener: contextDestroyed()
14-Dec-2018 12:03:30.374 INFO [Thread-5] org.apache.catalina.core.ApplicationContext.log ContextListener: contextDestroyed()
14-Dec-2018 12:03:39.713 INFO [main] org.apache.catalina.core.ApplicationContext.log ContextListener: contextInitialized()
14-Dec-2018 12:03:39.713 INFO [main] org.apache.catalina.core.ApplicationContext.log SessionListener: contextInitialized()
14-Dec-2018 12:03:39.713 INFO [main] org.apache.catalina.core.ApplicationContext.log ContextListener: attributeAdded('StockTicker', 'async.Stockticker@179ece50')
14-Dec-2018 12:04:48.579 INFO [Thread-5] org.apache.catalina.core.ApplicationContext.log SessionListener: contextDestroyed()
14-Dec-2018 12:04:48.579 INFO [Thread-5] org.apache.catalina.core.ApplicationContext.log ContextListener: contextDestroyed()
14-Dec-2018 13:27:41.972 INFO [main] org.apache.catalina.core.ApplicationContext.log ContextListener: contextInitialized()
14-Dec-2018 13:27:41.972 INFO [main] org.apache.catalina.core.ApplicationContext.log SessionListener: contextInitialized()
14-Dec-2018 13:27:41.974 INFO [main] org.apache.catalina.core.ApplicationContext.log ContextListener: attributeAdded('StockTicker', 'async.Stockticker@9d5509a')
14-Dec-2018 13:27:53.056 INFO [http-nio-5000-exec-1] org.apache.catalina.core.ApplicationContext.log Marking servlet [Solve] as unavailable
14-Dec-2018 13:27:53.056 SEVERE [http-nio-5000-exec-1] org.apache.catalina.core.StandardWrapperValve.invoke Allocate exception for servlet [Solve]
 java.lang.NoClassDefFoundError: SolveServlet (wrong name: main/java/SolveServlet)
	at java.lang.ClassLoader.defineClass1(Native Method)
	at java.lang.ClassLoader.defineClass(ClassLoader.java:763)
	at java.security.SecureClassLoader.defineClass(SecureClassLoader.java:142)
	at org.apache.catalina.loader.WebappClassLoaderBase.findClassInternal(WebappClassLoaderBase.java:2371)
	at org.apache.catalina.loader.WebappClassLoaderBase.findClass(WebappClassLoaderBase.java:834)
	at org.apache.catalina.loader.WebappClassLoaderBase.loadClass(WebappClassLoaderBase.java:1297)
	at org.apache.catalina.loader.WebappClassLoaderBase.loadClass(WebappClassLoaderBase.java:1157)
	at org.apache.catalina.core.DefaultInstanceManager.loadClass(DefaultInstanceManager.java:542)
	at org.apache.catalina.core.DefaultInstanceManager.loadClassMaybePrivileged(DefaultInstanceManager.java:523)
	at org.apache.catalina.core.DefaultInstanceManager.newInstance(DefaultInstanceManager.java:150)
	at org.apache.catalina.core.StandardWrapper.loadServlet(StandardWrapper.java:1032)
	at org.apache.catalina.core.StandardWrapper.allocate(StandardWrapper.java:761)
	at org.apache.catalina.core.StandardWrapperValve.invoke(StandardWrapperValve.java:133)
	at org.apache.catalina.core.StandardContextValve.invoke(StandardContextValve.java:96)
	at org.apache.catalina.authenticator.AuthenticatorBase.invoke(AuthenticatorBase.java:490)
	at org.apache.catalina.core.StandardHostValve.invoke(StandardHostValve.java:139)
	at org.apache.catalina.valves.ErrorReportValve.invoke(ErrorReportValve.java:92)
	at org.apache.catalina.valves.AbstractAccessLogValve.invoke(AbstractAccessLogValve.java:668)
	at org.apache.catalina.core.StandardEngineValve.invoke(StandardEngineValve.java:74)
	at org.apache.catalina.connector.CoyoteAdapter.service(CoyoteAdapter.java:343)
	at org.apache.coyote.http11.Http11Processor.service(Http11Processor.java:408)
	at org.apache.coyote.AbstractProcessorLight.process(AbstractProcessorLight.java:66)
	at org.apache.coyote.AbstractProtocol$ConnectionHandler.process(AbstractProtocol.java:791)
	at org.apache.tomcat.util.net.NioEndpoint$SocketProcessor.doRun(NioEndpoint.java:1417)
	at org.apache.tomcat.util.net.SocketProcessorBase.run(SocketProcessorBase.java:49)
	at java.util.concurrent.ThreadPoolExecutor.runWorker(ThreadPoolExecutor.java:1149)
	at java.util.concurrent.ThreadPoolExecutor$Worker.run(ThreadPoolExecutor.java:624)
	at org.apache.tomcat.util.threads.TaskThread$WrappingRunnable.run(TaskThread.java:61)
	at java.lang.Thread.run(Thread.java:748)

14-Dec-2018 13:30:12.656 INFO [main] org.apache.catalina.core.ApplicationContext.log ContextListener: contextInitialized()
14-Dec-2018 13:30:12.656 INFO [main] org.apache.catalina.core.ApplicationContext.log SessionListener: contextInitialized()
14-Dec-2018 13:30:12.658 INFO [main] org.apache.catalina.core.ApplicationContext.log ContextListener: attributeAdded('StockTicker', 'async.Stockticker@179ece50')
14-Dec-2018 13:30:35.298 INFO [main] org.apache.catalina.core.ApplicationContext.log ContextListener: contextInitialized()
14-Dec-2018 13:30:35.298 INFO [main] org.apache.catalina.core.ApplicationContext.log SessionListener: contextInitialized()
14-Dec-2018 13:30:35.300 INFO [main] org.apache.catalina.core.ApplicationContext.log ContextListener: attributeAdded('StockTicker', 'async.Stockticker@6c40365c')
14-Dec-2018 13:30:53.596 INFO [http-nio-5000-exec-1] org.apache.catalina.core.ApplicationContext.log Marking servlet [Solve] as unavailable
14-Dec-2018 13:30:53.596 SEVERE [http-nio-5000-exec-1] org.apache.catalina.core.StandardWrapperValve.invoke Allocate exception for servlet [Solve]
 java.lang.NoClassDefFoundError: SolveServlet (wrong name: main/java/SolveServlet)
	at java.lang.ClassLoader.defineClass1(Native Method)
	at java.lang.ClassLoader.defineClass(ClassLoader.java:763)
	at java.security.SecureClassLoader.defineClass(SecureClassLoader.java:142)
	at org.apache.catalina.loader.WebappClassLoaderBase.findClassInternal(WebappClassLoaderBase.java:2371)
	at org.apache.catalina.loader.WebappClassLoaderBase.findClass(WebappClassLoaderBase.java:834)
	at org.apache.catalina.loader.WebappClassLoaderBase.loadClass(WebappClassLoaderBase.java:1297)
	at org.apache.catalina.loader.WebappClassLoaderBase.loadClass(WebappClassLoaderBase.java:1157)
	at org.apache.catalina.core.DefaultInstanceManager.loadClass(DefaultInstanceManager.java:542)
	at org.apache.catalina.core.DefaultInstanceManager.loadClassMaybePrivileged(DefaultInstanceManager.java:523)
	at org.apache.catalina.core.DefaultInstanceManager.newInstance(DefaultInstanceManager.java:150)
	at org.apache.catalina.core.StandardWrapper.loadServlet(StandardWrapper.java:1032)
	at org.apache.catalina.core.StandardWrapper.allocate(StandardWrapper.java:761)
	at org.apache.catalina.core.StandardWrapperValve.invoke(StandardWrapperValve.java:133)
	at org.apache.catalina.core.StandardContextValve.invoke(StandardContextValve.java:96)
	at org.apache.catalina.authenticator.AuthenticatorBase.invoke(AuthenticatorBase.java:490)
	at org.apache.catalina.core.StandardHostValve.invoke(StandardHostValve.java:139)
	at org.apache.catalina.valves.ErrorReportValve.invoke(ErrorReportValve.java:92)
	at org.apache.catalina.valves.AbstractAccessLogValve.invoke(AbstractAccessLogValve.java:668)
	at org.apache.catalina.core.StandardEngineValve.invoke(StandardEngineValve.java:74)
	at org.apache.catalina.connector.CoyoteAdapter.service(CoyoteAdapter.java:343)
	at org.apache.coyote.http11.Http11Processor.service(Http11Processor.java:408)
	at org.apache.coyote.AbstractProcessorLight.process(AbstractProcessorLight.java:66)
	at org.apache.coyote.AbstractProtocol$ConnectionHandler.process(AbstractProtocol.java:791)
	at org.apache.tomcat.util.net.NioEndpoint$SocketProcessor.doRun(NioEndpoint.java:1417)
	at org.apache.tomcat.util.net.SocketProcessorBase.run(SocketProcessorBase.java:49)
	at java.util.concurrent.ThreadPoolExecutor.runWorker(ThreadPoolExecutor.java:1149)
	at java.util.concurrent.ThreadPoolExecutor$Worker.run(ThreadPoolExecutor.java:624)
	at org.apache.tomcat.util.threads.TaskThread$WrappingRunnable.run(TaskThread.java:61)
	at java.lang.Thread.run(Thread.java:748)

14-Dec-2018 13:31:48.920 INFO [Thread-5] org.apache.catalina.core.ApplicationContext.log SessionListener: contextDestroyed()
14-Dec-2018 13:31:48.920 INFO [Thread-5] org.apache.catalina.core.ApplicationContext.log ContextListener: contextDestroyed()
14-Dec-2018 13:31:53.586 INFO [main] org.apache.catalina.core.ApplicationContext.log ContextListener: contextInitialized()
14-Dec-2018 13:31:53.586 INFO [main] org.apache.catalina.core.ApplicationContext.log SessionListener: contextInitialized()
14-Dec-2018 13:31:53.587 INFO [main] org.apache.catalina.core.ApplicationContext.log ContextListener: attributeAdded('StockTicker', 'async.Stockticker@6c40365c')
14-Dec-2018 13:32:15.055 INFO [http-nio-5000-exec-1] org.apache.catalina.core.ApplicationContext.log Marking servlet [Solve] as unavailable
14-Dec-2018 13:32:15.055 SEVERE [http-nio-5000-exec-1] org.apache.catalina.core.StandardWrapperValve.invoke Allocate exception for servlet [Solve]
 java.lang.NoClassDefFoundError: SolveServlet (wrong name: main/java/SolveServlet)
	at java.lang.ClassLoader.defineClass1(Native Method)
	at java.lang.ClassLoader.defineClass(ClassLoader.java:763)
	at java.security.SecureClassLoader.defineClass(SecureClassLoader.java:142)
	at org.apache.catalina.loader.WebappClassLoaderBase.findClassInternal(WebappClassLoaderBase.java:2371)
	at org.apache.catalina.loader.WebappClassLoaderBase.findClass(WebappClassLoaderBase.java:834)
	at org.apache.catalina.loader.WebappClassLoaderBase.loadClass(WebappClassLoaderBase.java:1297)
	at org.apache.catalina.loader.WebappClassLoaderBase.loadClass(WebappClassLoaderBase.java:1157)
	at org.apache.catalina.core.DefaultInstanceManager.loadClass(DefaultInstanceManager.java:542)
	at org.apache.catalina.core.DefaultInstanceManager.loadClassMaybePrivileged(DefaultInstanceManager.java:523)
	at org.apache.catalina.core.DefaultInstanceManager.newInstance(DefaultInstanceManager.java:150)
	at org.apache.catalina.core.StandardWrapper.loadServlet(StandardWrapper.java:1032)
	at org.apache.catalina.core.StandardWrapper.allocate(StandardWrapper.java:761)
	at org.apache.catalina.core.StandardWrapperValve.invoke(StandardWrapperValve.java:133)
	at org.apache.catalina.core.StandardContextValve.invoke(StandardContextValve.java:96)
	at org.apache.catalina.authenticator.AuthenticatorBase.invoke(AuthenticatorBase.java:490)
	at org.apache.catalina.core.StandardHostValve.invoke(StandardHostValve.java:139)
	at org.apache.catalina.valves.ErrorReportValve.invoke(ErrorReportValve.java:92)
	at org.apache.catalina.valves.AbstractAccessLogValve.invoke(AbstractAccessLogValve.java:668)
	at org.apache.catalina.core.StandardEngineValve.invoke(StandardEngineValve.java:74)
	at org.apache.catalina.connector.CoyoteAdapter.service(CoyoteAdapter.java:343)
	at org.apache.coyote.http11.Http11Processor.service(Http11Processor.java:408)
	at org.apache.coyote.AbstractProcessorLight.process(AbstractProcessorLight.java:66)
	at org.apache.coyote.AbstractProtocol$ConnectionHandler.process(AbstractProtocol.java:791)
	at org.apache.tomcat.util.net.NioEndpoint$SocketProcessor.doRun(NioEndpoint.java:1417)
	at org.apache.tomcat.util.net.SocketProcessorBase.run(SocketProcessorBase.java:49)
	at java.util.concurrent.ThreadPoolExecutor.runWorker(ThreadPoolExecutor.java:1149)
	at java.util.concurrent.ThreadPoolExecutor$Worker.run(ThreadPoolExecutor.java:624)
	at org.apache.tomcat.util.threads.TaskThread$WrappingRunnable.run(TaskThread.java:61)
	at java.lang.Thread.run(Thread.java:748)

14-Dec-2018 13:33:03.746 INFO [Thread-5] org.apache.catalina.core.ApplicationContext.log SessionListener: contextDestroyed()
14-Dec-2018 13:33:03.746 INFO [Thread-5] org.apache.catalina.core.ApplicationContext.log ContextListener: contextDestroyed()
14-Dec-2018 13:33:29.209 INFO [main] org.apache.catalina.core.ApplicationContext.log ContextListener: contextInitialized()
14-Dec-2018 13:33:29.209 INFO [main] org.apache.catalina.core.ApplicationContext.log SessionListener: contextInitialized()
14-Dec-2018 13:33:29.210 INFO [main] org.apache.catalina.core.ApplicationContext.log ContextListener: attributeAdded('StockTicker', 'async.Stockticker@6c40365c')
14-Dec-2018 13:33:33.256 INFO [http-nio-5000-exec-2] org.apache.catalina.core.ApplicationContext.log Marking servlet [Solve] as unavailable
14-Dec-2018 13:33:33.256 SEVERE [http-nio-5000-exec-2] org.apache.catalina.core.StandardWrapperValve.invoke Allocate exception for servlet [Solve]
 java.lang.NoClassDefFoundError: SolveServlet (wrong name: main/java/SolveServlet)
	at java.lang.ClassLoader.defineClass1(Native Method)
	at java.lang.ClassLoader.defineClass(ClassLoader.java:763)
	at java.security.SecureClassLoader.defineClass(SecureClassLoader.java:142)
	at java.net.URLClassLoader.defineClass(URLClassLoader.java:467)
	at java.net.URLClassLoader.access$100(URLClassLoader.java:73)
	at java.net.URLClassLoader$1.run(URLClassLoader.java:368)
	at java.net.URLClassLoader$1.run(URLClassLoader.java:362)
	at java.security.AccessController.doPrivileged(Native Method)
	at java.net.URLClassLoader.findClass(URLClassLoader.java:361)
	at java.lang.ClassLoader.loadClass(ClassLoader.java:424)
	at java.lang.ClassLoader.loadClass(ClassLoader.java:357)
	at java.lang.Class.forName0(Native Method)
	at java.lang.Class.forName(Class.java:348)
	at org.apache.catalina.loader.WebappClassLoaderBase.loadClass(WebappClassLoaderBase.java:1314)
	at org.apache.catalina.loader.WebappClassLoaderBase.loadClass(WebappClassLoaderBase.java:1157)
	at org.apache.catalina.core.DefaultInstanceManager.loadClass(DefaultInstanceManager.java:542)
	at org.apache.catalina.core.DefaultInstanceManager.loadClassMaybePrivileged(DefaultInstanceManager.java:523)
	at org.apache.catalina.core.DefaultInstanceManager.newInstance(DefaultInstanceManager.java:150)
	at org.apache.catalina.core.StandardWrapper.loadServlet(StandardWrapper.java:1032)
	at org.apache.catalina.core.StandardWrapper.allocate(StandardWrapper.java:761)
	at org.apache.catalina.core.StandardWrapperValve.invoke(StandardWrapperValve.java:133)
	at org.apache.catalina.core.StandardContextValve.invoke(StandardContextValve.java:96)
	at org.apache.catalina.authenticator.AuthenticatorBase.invoke(AuthenticatorBase.java:490)
	at org.apache.catalina.core.StandardHostValve.invoke(StandardHostValve.java:139)
	at org.apache.catalina.valves.ErrorReportValve.invoke(ErrorReportValve.java:92)
	at org.apache.catalina.valves.AbstractAccessLogValve.invoke(AbstractAccessLogValve.java:668)
	at org.apache.catalina.core.StandardEngineValve.invoke(StandardEngineValve.java:74)
	at org.apache.catalina.connector.CoyoteAdapter.service(CoyoteAdapter.java:343)
	at org.apache.coyote.http11.Http11Processor.service(Http11Processor.java:408)
	at org.apache.coyote.AbstractProcessorLight.process(AbstractProcessorLight.java:66)
	at org.apache.coyote.AbstractProtocol$ConnectionHandler.process(AbstractProtocol.java:791)
	at org.apache.tomcat.util.net.NioEndpoint$SocketProcessor.doRun(NioEndpoint.java:1417)
	at org.apache.tomcat.util.net.SocketProcessorBase.run(SocketProcessorBase.java:49)
	at java.util.concurrent.ThreadPoolExecutor.runWorker(ThreadPoolExecutor.java:1149)
	at java.util.concurrent.ThreadPoolExecutor$Worker.run(ThreadPoolExecutor.java:624)
	at org.apache.tomcat.util.threads.TaskThread$WrappingRunnable.run(TaskThread.java:61)
	at java.lang.Thread.run(Thread.java:748)

14-Dec-2018 13:34:06.214 INFO [Thread-5] org.apache.catalina.core.ApplicationContext.log SessionListener: contextDestroyed()
14-Dec-2018 13:34:06.214 INFO [Thread-5] org.apache.catalina.core.ApplicationContext.log ContextListener: contextDestroyed()
14-Dec-2018 13:34:09.851 INFO [main] org.apache.catalina.core.ApplicationContext.log ContextListener: contextInitialized()
14-Dec-2018 13:34:09.851 INFO [main] org.apache.catalina.core.ApplicationContext.log SessionListener: contextInitialized()
14-Dec-2018 13:34:09.853 INFO [main] org.apache.catalina.core.ApplicationContext.log ContextListener: attributeAdded('StockTicker', 'async.Stockticker@6c40365c')
14-Dec-2018 13:34:13.792 INFO [http-nio-5000-exec-1] org.apache.catalina.core.ApplicationContext.log Marking servlet [Solve] as unavailable
14-Dec-2018 13:34:13.793 SEVERE [http-nio-5000-exec-1] org.apache.catalina.core.StandardWrapperValve.invoke Allocate exception for servlet [Solve]
 java.lang.ClassNotFoundException: main/java/SolveServlet
	at org.apache.catalina.loader.WebappClassLoaderBase.loadClass(WebappClassLoaderBase.java:1328)
	at org.apache.catalina.loader.WebappClassLoaderBase.loadClass(WebappClassLoaderBase.java:1157)
	at org.apache.catalina.core.DefaultInstanceManager.loadClass(DefaultInstanceManager.java:542)
	at org.apache.catalina.core.DefaultInstanceManager.loadClassMaybePrivileged(DefaultInstanceManager.java:523)
	at org.apache.catalina.core.DefaultInstanceManager.newInstance(DefaultInstanceManager.java:150)
	at org.apache.catalina.core.StandardWrapper.loadServlet(StandardWrapper.java:1032)
	at org.apache.catalina.core.StandardWrapper.allocate(StandardWrapper.java:761)
	at org.apache.catalina.core.StandardWrapperValve.invoke(StandardWrapperValve.java:133)
	at org.apache.catalina.core.StandardContextValve.invoke(StandardContextValve.java:96)
	at org.apache.catalina.authenticator.AuthenticatorBase.invoke(AuthenticatorBase.java:490)
	at org.apache.catalina.core.StandardHostValve.invoke(StandardHostValve.java:139)
	at org.apache.catalina.valves.ErrorReportValve.invoke(ErrorReportValve.java:92)
	at org.apache.catalina.valves.AbstractAccessLogValve.invoke(AbstractAccessLogValve.java:668)
	at org.apache.catalina.core.StandardEngineValve.invoke(StandardEngineValve.java:74)
	at org.apache.catalina.connector.CoyoteAdapter.service(CoyoteAdapter.java:343)
	at org.apache.coyote.http11.Http11Processor.service(Http11Processor.java:408)
	at org.apache.coyote.AbstractProcessorLight.process(AbstractProcessorLight.java:66)
	at org.apache.coyote.AbstractProtocol$ConnectionHandler.process(AbstractProtocol.java:791)
	at org.apache.tomcat.util.net.NioEndpoint$SocketProcessor.doRun(NioEndpoint.java:1417)
	at org.apache.tomcat.util.net.SocketProcessorBase.run(SocketProcessorBase.java:49)
	at java.util.concurrent.ThreadPoolExecutor.runWorker(ThreadPoolExecutor.java:1149)
	at java.util.concurrent.ThreadPoolExecutor$Worker.run(ThreadPoolExecutor.java:624)
	at org.apache.tomcat.util.threads.TaskThread$WrappingRunnable.run(TaskThread.java:61)
	at java.lang.Thread.run(Thread.java:748)

14-Dec-2018 13:35:47.428 INFO [Thread-5] org.apache.catalina.core.ApplicationContext.log SessionListener: contextDestroyed()
14-Dec-2018 13:35:47.429 INFO [Thread-5] org.apache.catalina.core.ApplicationContext.log ContextListener: contextDestroyed()
14-Dec-2018 13:36:52.221 INFO [main] org.apache.catalina.core.ApplicationContext.log ContextListener: contextInitialized()
14-Dec-2018 13:36:52.221 INFO [main] org.apache.catalina.core.ApplicationContext.log SessionListener: contextInitialized()
14-Dec-2018 13:36:52.222 INFO [main] org.apache.catalina.core.ApplicationContext.log ContextListener: attributeAdded('StockTicker', 'async.Stockticker@ae13544')
14-Dec-2018 13:37:01.009 INFO [Thread-5] org.apache.catalina.core.ApplicationContext.log SessionListener: contextDestroyed()
14-Dec-2018 13:37:01.009 INFO [Thread-5] org.apache.catalina.core.ApplicationContext.log ContextListener: contextDestroyed()
14-Dec-2018 13:37:44.168 INFO [main] org.apache.catalina.core.ApplicationContext.log ContextListener: contextInitialized()
14-Dec-2018 13:37:44.168 INFO [main] org.apache.catalina.core.ApplicationContext.log SessionListener: contextInitialized()
14-Dec-2018 13:37:44.170 INFO [main] org.apache.catalina.core.ApplicationContext.log ContextListener: attributeAdded('StockTicker', 'async.Stockticker@ae13544')
14-Dec-2018 13:38:13.335 INFO [Thread-5] org.apache.catalina.core.ApplicationContext.log SessionListener: contextDestroyed()
14-Dec-2018 13:38:13.335 INFO [Thread-5] org.apache.catalina.core.ApplicationContext.log ContextListener: contextDestroyed()
