21-Dec-2018 10:01:29.586 INFO [main] org.apache.catalina.core.ApplicationContext.log ContextListener: contextInitialized()
21-Dec-2018 10:01:29.587 INFO [main] org.apache.catalina.core.ApplicationContext.log SessionListener: contextInitialized()
21-Dec-2018 10:01:29.589 INFO [main] org.apache.catalina.core.ApplicationContext.log ContextListener: attributeAdded('StockTicker', 'async.Stockticker@fab35b1')
21-Dec-2018 10:18:20.381 INFO [main] org.apache.catalina.core.ApplicationContext.log ContextListener: contextInitialized()
21-Dec-2018 10:18:20.381 INFO [main] org.apache.catalina.core.ApplicationContext.log SessionListener: contextInitialized()
21-Dec-2018 10:18:20.384 INFO [main] org.apache.catalina.core.ApplicationContext.log ContextListener: attributeAdded('StockTicker', 'async.Stockticker@6a094db2')
21-Dec-2018 13:09:02.067 INFO [main] org.apache.catalina.core.ApplicationContext.log ContextListener: contextInitialized()
21-Dec-2018 13:09:02.068 INFO [main] org.apache.catalina.core.ApplicationContext.log SessionListener: contextInitialized()
21-Dec-2018 13:09:02.070 INFO [main] org.apache.catalina.core.ApplicationContext.log ContextListener: attributeAdded('StockTicker', 'async.Stockticker@fab35b1')
21-Dec-2018 13:27:04.685 INFO [Thread-5] org.apache.catalina.core.ApplicationContext.log SessionListener: contextDestroyed()
21-Dec-2018 13:27:04.685 INFO [Thread-5] org.apache.catalina.core.ApplicationContext.log ContextListener: contextDestroyed()
21-Dec-2018 13:31:42.478 INFO [main] org.apache.catalina.core.ApplicationContext.log ContextListener: contextInitialized()
21-Dec-2018 13:31:42.478 INFO [main] org.apache.catalina.core.ApplicationContext.log SessionListener: contextInitialized()
21-Dec-2018 13:31:42.480 INFO [main] org.apache.catalina.core.ApplicationContext.log ContextListener: attributeAdded('StockTicker', 'async.Stockticker@6a094db2')
21-Dec-2018 13:31:53.677 INFO [Thread-5] org.apache.catalina.core.ApplicationContext.log SessionListener: contextDestroyed()
21-Dec-2018 13:31:53.677 INFO [Thread-5] org.apache.catalina.core.ApplicationContext.log ContextListener: contextDestroyed()
21-Dec-2018 13:32:11.822 INFO [main] org.apache.catalina.core.ApplicationContext.log ContextListener: contextInitialized()
21-Dec-2018 13:32:11.822 INFO [main] org.apache.catalina.core.ApplicationContext.log SessionListener: contextInitialized()
21-Dec-2018 13:32:11.824 INFO [main] org.apache.catalina.core.ApplicationContext.log ContextListener: attributeAdded('StockTicker', 'async.Stockticker@fab35b1')
21-Dec-2018 13:34:13.791 INFO [Thread-5] org.apache.catalina.core.ApplicationContext.log SessionListener: contextDestroyed()
21-Dec-2018 13:34:13.791 INFO [Thread-5] org.apache.catalina.core.ApplicationContext.log ContextListener: contextDestroyed()
